Info: Starting: Create simulation model
Info: ip-generate --project-directory=/home/aluno/Problema2/ --output-directory=/home/aluno/Problema2/lcd/simulation/ --file-set=SIM_VERILOG --report-file=sopcinfo:/home/aluno/Problema2/lcd.sopcinfo --report-file=html:/home/aluno/Problema2/lcd.html --report-file=sip:/home/aluno/Problema2/lcd/simulation/lcd.sip --report-file=csv:/home/aluno/Problema2/lcd.csv --report-file=spd:/home/aluno/Problema2/lcd.spd --report-file=cmp:/home/aluno/Problema2/lcd.cmp --system-info=DEVICE_FAMILY="Cyclone IV E" --system-info=DEVICE=EP4CE30F23C7 --system-info=DEVICE_SPEEDGRADE=7 --component-file=/home/aluno/Problema2/lcd.qsys
Progress: Loading Problema2/lcd.qsys
Progress: Reading input file
Progress: Adding clk_0 [clock_source 13.0]
Progress: Parameterizing module clk_0
Progress: Adding nios2_qsys_0 [altera_nios2_qsys 13.0]
Progress: Parameterizing module nios2_qsys_0
Progress: Adding onchip_memory2_0 [altera_avalon_onchip_memory2 13.0.1.99.2]
Progress: Parameterizing module onchip_memory2_0
Progress: Adding button_down [altera_avalon_pio 13.0.1.99.2]
Progress: Parameterizing module button_down
Progress: Adding led_r [altera_avalon_pio 13.0.1.99.2]
Progress: Parameterizing module led_r
Progress: Adding jtag_uart_0 [altera_avalon_jtag_uart 13.0.1.99.2]
Progress: Parameterizing module jtag_uart_0
Progress: Adding led_g [altera_avalon_pio 13.0.1.99.2]
Progress: Parameterizing module led_g
Progress: Adding led_b [altera_avalon_pio 13.0.1.99.2]
Progress: Parameterizing module led_b
Progress: Adding button_up [altera_avalon_pio 13.0.1.99.2]
Progress: Parameterizing module button_up
Progress: Adding button_enter [altera_avalon_pio 13.0.1.99.2]
Progress: Parameterizing module button_enter
Progress: Adding button_exit [altera_avalon_pio 13.0.1.99.2]
Progress: Parameterizing module button_exit
Progress: Adding lcd_output [altera_avalon_lcd_16207 13.0.1.99.2]
Progress: Parameterizing module lcd_output
Progress: Building connections
Progress: Parameterizing connections
Progress: Validating
Progress: Done reading input file
Info: lcd.button_down: PIO inputs are not hardwired in test bench. Undefined values will be read from PIO inputs during simulation.
Info: lcd.button_enter: PIO inputs are not hardwired in test bench. Undefined values will be read from PIO inputs during simulation.
Info: lcd: Generating lcd "lcd" for SIM_VERILOG
Info: pipeline_bridge_swap_transform: After transform: 12 modules, 45 connections
Info: No custom instruction connections, skipping transform 
Info: merlin_translator_transform: After transform: 25 modules, 93 connections
Info: merlin_domain_transform: After transform: 50 modules, 250 connections
Info: merlin_router_transform: After transform: 63 modules, 298 connections
Info: reset_adaptation_transform: After transform: 65 modules, 253 connections
Info: merlin_network_to_switch_transform: After transform: 90 modules, 307 connections
Info: merlin_mm_transform: After transform: 90 modules, 307 connections
Info: merlin_interrupt_mapper_transform: After transform: 91 modules, 310 connections
Warning: lcd: "No matching role found for rst_controller:reset_out:reset_req (reset_req)"
Warning: lcd: "No matching role found for rst_controller:reset_out:reset_req (reset_req)"
Warning: lcd: "No matching role found for rst_controller:reset_out:reset_req (reset_req)"
Warning: lcd: "No matching role found for rst_controller:reset_out:reset_req (reset_req)"
Warning: lcd: "No matching role found for rst_controller:reset_out:reset_req (reset_req)"
Warning: lcd: "No matching role found for rst_controller:reset_out:reset_req (reset_req)"
Warning: lcd: "No matching role found for rst_controller:reset_out:reset_req (reset_req)"
Warning: lcd: "No matching role found for rst_controller:reset_out:reset_req (reset_req)"
Warning: lcd: "No matching role found for rst_controller:reset_out:reset_req (reset_req)"
Warning: lcd: "No matching role found for rst_controller:reset_out:reset_req (reset_req)"
Warning: lcd: "No matching role found for rst_controller:reset_out:reset_req (reset_req)"
Warning: lcd: "No matching role found for rst_controller:reset_out:reset_req (reset_req)"
Warning: lcd: "No matching role found for rst_controller:reset_out:reset_req (reset_req)"
Warning: lcd: "No matching role found for rst_controller:reset_out:reset_req (reset_req)"
Warning: lcd: "No matching role found for rst_controller:reset_out:reset_req (reset_req)"
Warning: lcd: "No matching role found for rst_controller:reset_out:reset_req (reset_req)"
Warning: lcd: "No matching role found for rst_controller:reset_out:reset_req (reset_req)"
Warning: lcd: "No matching role found for rst_controller:reset_out:reset_req (reset_req)"
Warning: lcd: "No matching role found for rst_controller:reset_out:reset_req (reset_req)"
Warning: lcd: "No matching role found for rst_controller:reset_out:reset_req (reset_req)"
Warning: lcd: "No matching role found for rst_controller:reset_out:reset_req (reset_req)"
Warning: lcd: "No matching role found for rst_controller:reset_out:reset_req (reset_req)"
Warning: lcd: "No matching role found for rst_controller:reset_out:reset_req (reset_req)"
Warning: lcd: "No matching role found for rst_controller:reset_out:reset_req (reset_req)"
Warning: lcd: "No matching role found for rst_controller:reset_out:reset_req (reset_req)"
Warning: lcd: "No matching role found for rst_controller:reset_out:reset_req (reset_req)"
Warning: lcd: "No matching role found for rst_controller:reset_out:reset_req (reset_req)"
Warning: lcd: "No matching role found for rst_controller:reset_out:reset_req (reset_req)"
Warning: lcd: "No matching role found for rst_controller:reset_out:reset_req (reset_req)"
Warning: lcd: "No matching role found for rst_controller:reset_out:reset_req (reset_req)"
Warning: lcd: "No matching role found for rst_controller:reset_out:reset_req (reset_req)"
Warning: lcd: "No matching role found for rst_controller:reset_out:reset_req (reset_req)"
Warning: lcd: "No matching role found for rst_controller:reset_out:reset_req (reset_req)"
Warning: lcd: "No matching role found for rst_controller:reset_out:reset_req (reset_req)"
Warning: lcd: "No matching role found for rst_controller:reset_out:reset_req (reset_req)"
Warning: lcd: "No matching role found for rst_controller:reset_out:reset_req (reset_req)"
Warning: lcd: "No matching role found for rst_controller:reset_out:reset_req (reset_req)"
Warning: lcd: "No matching role found for rst_controller:reset_out:reset_req (reset_req)"
Warning: lcd: "No matching role found for rst_controller:reset_out:reset_req (reset_req)"
Warning: lcd: "No matching role found for rst_controller:reset_out:reset_req (reset_req)"
Warning: lcd: "No matching role found for rst_controller:reset_out:reset_req (reset_req)"
Warning: lcd: "No matching role found for rst_controller:reset_out:reset_req (reset_req)"
Warning: lcd: "No matching role found for rst_controller:reset_out:reset_req (reset_req)"
Warning: lcd: "No matching role found for rst_controller:reset_out:reset_req (reset_req)"
Warning: lcd: "No matching role found for rst_controller:reset_out:reset_req (reset_req)"
Warning: lcd: "No matching role found for rst_controller:reset_out:reset_req (reset_req)"
Warning: lcd: "No matching role found for rst_controller:reset_out:reset_req (reset_req)"
Warning: lcd: "No matching role found for rst_controller:reset_out:reset_req (reset_req)"
Warning: lcd: "No matching role found for rst_controller:reset_out:reset_req (reset_req)"
Warning: lcd: "No matching role found for rst_controller:reset_out:reset_req (reset_req)"
Warning: lcd: "No matching role found for rst_controller:reset_out:reset_req (reset_req)"
Warning: lcd: "No matching role found for rst_controller:reset_out:reset_req (reset_req)"
Warning: lcd: "No matching role found for rst_controller:reset_out:reset_req (reset_req)"
Warning: lcd: "No matching role found for rst_controller:reset_out:reset_req (reset_req)"
Warning: lcd: "No matching role found for rst_controller:reset_out:reset_req (reset_req)"
Warning: lcd: "No matching role found for rst_controller:reset_out:reset_req (reset_req)"
Warning: lcd: "No matching role found for rst_controller:reset_out:reset_req (reset_req)"
Warning: lcd: "No matching role found for rst_controller:reset_out:reset_req (reset_req)"
Warning: lcd: "No matching role found for rst_controller:reset_out:reset_req (reset_req)"
Info: nios2_qsys_0: Starting RTL generation for module 'lcd_nios2_qsys_0'
Info: nios2_qsys_0:   Generation command is [exec /opt/altera/13sp1/quartus/../ip/altera/nios2_ip/altera_nios2/eperl -I /opt/altera/13sp1/quartus/common/ip/altera/common/perl/5.8.3 -I /opt/altera/13sp1/quartus/sopc_builder/bin/europa -I /opt/altera/13sp1/quartus/sopc_builder/bin/perl_lib -I /opt/altera/13sp1/quartus/sopc_builder/bin -I /opt/altera/13sp1/quartus/../ip/altera/nios2_ip/altera_nios2/cpu_lib -I /opt/altera/13sp1/quartus/../ip/altera/nios2_ip/altera_nios2/nios_lib -I /opt/altera/13sp1/quartus/../ip/altera/nios2_ip/altera_nios2 -I /opt/altera/13sp1/quartus/../ip/altera/nios2_ip/altera_nios2 -- /opt/altera/13sp1/quartus/../ip/altera/nios2_ip/altera_nios2/generate_rtl.epl --name=lcd_nios2_qsys_0 --dir=/tmp/alt7847_3791732631546050357.dir/0001_nios2_qsys_0_gen/ --quartus_dir=/opt/altera/13sp1/quartus --verilog --config=/tmp/alt7847_3791732631546050357.dir/0001_nios2_qsys_0_gen//lcd_nios2_qsys_0_processor_configuration.pl  --do_build_sim=1    --sim_dir=/tmp/alt7847_3791732631546050357.dir/0001_nios2_qsys_0_gen/    --bogus  ]
Info: nios2_qsys_0: # 2018.11.12 10:22:35 (*) Starting Nios II generation
Info: nios2_qsys_0: # 2018.11.12 10:22:35 (*)   Checking for plaintext license.
Info: nios2_qsys_0: # 2018.11.12 10:22:37 (*)   Plaintext license not found.
Info: nios2_qsys_0: # 2018.11.12 10:22:37 (*)   No license required to generate encrypted Nios II/e.
Info: nios2_qsys_0: # 2018.11.12 10:22:37 (*)   Elaborating CPU configuration settings
Info: nios2_qsys_0: # 2018.11.12 10:22:38 (*)   Creating all objects for CPU
Info: nios2_qsys_0: # 2018.11.12 10:22:41 (*)   Creating '/tmp/alt7847_3791732631546050357.dir/0001_nios2_qsys_0_gen//lcd_nios2_qsys_0_nios2_waves.do'
Info: nios2_qsys_0: # 2018.11.12 10:22:41 (*)   Generating RTL from CPU objects
Info: nios2_qsys_0: # 2018.11.12 10:22:41 (*)   Creating plain-text RTL
Info: nios2_qsys_0: # 2018.11.12 10:22:50 (*) Done Nios II generation
Info: nios2_qsys_0: Done RTL generation for module 'lcd_nios2_qsys_0'
Info: nios2_qsys_0: "lcd" instantiated altera_nios2_qsys "nios2_qsys_0"
Info: onchip_memory2_0: Starting RTL generation for module 'lcd_onchip_memory2_0'
Info: onchip_memory2_0:   Generation command is [exec /opt/altera/13sp1/quartus/linux/perl/bin/perl -I /opt/altera/13sp1/quartus/common/ip/altera/common/perl/5.8.3 -I /opt/altera/13sp1/quartus/sopc_builder/bin/europa -I /opt/altera/13sp1/quartus/sopc_builder/bin/perl_lib -I /opt/altera/13sp1/quartus/sopc_builder/bin -I /opt/altera/13sp1/quartus/../ip/altera/sopc_builder_ip/common -I /opt/altera/13sp1/quartus/../ip/altera/sopc_builder_ip/altera_avalon_onchip_memory2 -- /opt/altera/13sp1/quartus/../ip/altera/sopc_builder_ip/altera_avalon_onchip_memory2/generate_rtl.pl --name=lcd_onchip_memory2_0 --dir=/tmp/alt7847_3791732631546050357.dir/0002_onchip_memory2_0_gen/ --quartus_dir=/opt/altera/13sp1/quartus --verilog --config=/tmp/alt7847_3791732631546050357.dir/0002_onchip_memory2_0_gen//lcd_onchip_memory2_0_component_configuration.pl  --do_build_sim=1    --sim_dir=/tmp/alt7847_3791732631546050357.dir/0002_onchip_memory2_0_gen/  ]
Info: onchip_memory2_0: Done RTL generation for module 'lcd_onchip_memory2_0'
Info: onchip_memory2_0: "lcd" instantiated altera_avalon_onchip_memory2 "onchip_memory2_0"
Info: button_down: Starting RTL generation for module 'lcd_button_down'
Info: button_down:   Generation command is [exec /opt/altera/13sp1/quartus/linux/perl/bin/perl -I /opt/altera/13sp1/quartus/common/ip/altera/common/perl/5.8.3 -I /opt/altera/13sp1/quartus/sopc_builder/bin/europa -I /opt/altera/13sp1/quartus/sopc_builder/bin/perl_lib -I /opt/altera/13sp1/quartus/sopc_builder/bin -I /opt/altera/13sp1/quartus/../ip/altera/sopc_builder_ip/common -I /opt/altera/13sp1/quartus/../ip/altera/sopc_builder_ip/altera_avalon_pio -- /opt/altera/13sp1/quartus/../ip/altera/sopc_builder_ip/altera_avalon_pio/generate_rtl.pl --name=lcd_button_down --dir=/tmp/alt7847_3791732631546050357.dir/0003_button_down_gen/ --quartus_dir=/opt/altera/13sp1/quartus --verilog --config=/tmp/alt7847_3791732631546050357.dir/0003_button_down_gen//lcd_button_down_component_configuration.pl  --do_build_sim=1    --sim_dir=/tmp/alt7847_3791732631546050357.dir/0003_button_down_gen/  ]
Info: button_down: Done RTL generation for module 'lcd_button_down'
Info: button_down: "lcd" instantiated altera_avalon_pio "button_down"
Info: led_r: Starting RTL generation for module 'lcd_led_r'
Info: led_r:   Generation command is [exec /opt/altera/13sp1/quartus/linux/perl/bin/perl -I /opt/altera/13sp1/quartus/common/ip/altera/common/perl/5.8.3 -I /opt/altera/13sp1/quartus/sopc_builder/bin/europa -I /opt/altera/13sp1/quartus/sopc_builder/bin/perl_lib -I /opt/altera/13sp1/quartus/sopc_builder/bin -I /opt/altera/13sp1/quartus/../ip/altera/sopc_builder_ip/common -I /opt/altera/13sp1/quartus/../ip/altera/sopc_builder_ip/altera_avalon_pio -- /opt/altera/13sp1/quartus/../ip/altera/sopc_builder_ip/altera_avalon_pio/generate_rtl.pl --name=lcd_led_r --dir=/tmp/alt7847_3791732631546050357.dir/0004_led_r_gen/ --quartus_dir=/opt/altera/13sp1/quartus --verilog --config=/tmp/alt7847_3791732631546050357.dir/0004_led_r_gen//lcd_led_r_component_configuration.pl  --do_build_sim=1    --sim_dir=/tmp/alt7847_3791732631546050357.dir/0004_led_r_gen/  ]
Info: led_r: Done RTL generation for module 'lcd_led_r'
Info: led_r: "lcd" instantiated altera_avalon_pio "led_r"
Info: jtag_uart_0: Starting RTL generation for module 'lcd_jtag_uart_0'
Info: jtag_uart_0:   Generation command is [exec /opt/altera/13sp1/quartus/linux/perl/bin/perl -I /opt/altera/13sp1/quartus/common/ip/altera/common/perl/5.8.3 -I /opt/altera/13sp1/quartus/sopc_builder/bin/europa -I /opt/altera/13sp1/quartus/sopc_builder/bin/perl_lib -I /opt/altera/13sp1/quartus/sopc_builder/bin -I /opt/altera/13sp1/quartus/../ip/altera/sopc_builder_ip/common -I /opt/altera/13sp1/quartus/../ip/altera/sopc_builder_ip/altera_avalon_jtag_uart -- /opt/altera/13sp1/quartus/../ip/altera/sopc_builder_ip/altera_avalon_jtag_uart/generate_rtl.pl --name=lcd_jtag_uart_0 --dir=/tmp/alt7847_3791732631546050357.dir/0005_jtag_uart_0_gen/ --quartus_dir=/opt/altera/13sp1/quartus --verilog --config=/tmp/alt7847_3791732631546050357.dir/0005_jtag_uart_0_gen//lcd_jtag_uart_0_component_configuration.pl  --do_build_sim=1    --sim_dir=/tmp/alt7847_3791732631546050357.dir/0005_jtag_uart_0_gen/  ]
Info: jtag_uart_0: Done RTL generation for module 'lcd_jtag_uart_0'
Info: jtag_uart_0: "lcd" instantiated altera_avalon_jtag_uart "jtag_uart_0"
Info: lcd_output: Starting RTL generation for module 'lcd_lcd_output'
Info: lcd_output:   Generation command is [exec /opt/altera/13sp1/quartus/linux/perl/bin/perl -I /opt/altera/13sp1/quartus/common/ip/altera/common/perl/5.8.3 -I /opt/altera/13sp1/quartus/sopc_builder/bin/europa -I /opt/altera/13sp1/quartus/sopc_builder/bin/perl_lib -I /opt/altera/13sp1/quartus/sopc_builder/bin -I /opt/altera/13sp1/quartus/../ip/altera/sopc_builder_ip/common -I /opt/altera/13sp1/quartus/../ip/altera/sopc_builder_ip/altera_avalon_lcd_16207 -- /opt/altera/13sp1/quartus/../ip/altera/sopc_builder_ip/altera_avalon_lcd_16207/generate_rtl.pl --name=lcd_lcd_output --dir=/tmp/alt7847_3791732631546050357.dir/0006_lcd_output_gen/ --quartus_dir=/opt/altera/13sp1/quartus --verilog --config=/tmp/alt7847_3791732631546050357.dir/0006_lcd_output_gen//lcd_lcd_output_component_configuration.pl  --do_build_sim=1    --sim_dir=/tmp/alt7847_3791732631546050357.dir/0006_lcd_output_gen/  ]
Info: lcd_output: Done RTL generation for module 'lcd_lcd_output'
Info: lcd_output: "lcd" instantiated altera_avalon_lcd_16207 "lcd_output"
Info: nios2_qsys_0_instruction_master_translator: "lcd" instantiated altera_merlin_master_translator "nios2_qsys_0_instruction_master_translator"
Info: nios2_qsys_0_jtag_debug_module_translator: "lcd" instantiated altera_merlin_slave_translator "nios2_qsys_0_jtag_debug_module_translator"
Info: nios2_qsys_0_instruction_master_translator_avalon_universal_master_0_agent: "lcd" instantiated altera_merlin_master_agent "nios2_qsys_0_instruction_master_translator_avalon_universal_master_0_agent"
Info: nios2_qsys_0_jtag_debug_module_translator_avalon_universal_slave_0_agent: "lcd" instantiated altera_merlin_slave_agent "nios2_qsys_0_jtag_debug_module_translator_avalon_universal_slave_0_agent"
Info: nios2_qsys_0_jtag_debug_module_translator_avalon_universal_slave_0_agent_rsp_fifo: "lcd" instantiated altera_avalon_sc_fifo "nios2_qsys_0_jtag_debug_module_translator_avalon_universal_slave_0_agent_rsp_fifo"
Info: addr_router: "lcd" instantiated altera_merlin_router "addr_router"
Info: addr_router_001: "lcd" instantiated altera_merlin_router "addr_router_001"
Info: id_router: "lcd" instantiated altera_merlin_router "id_router"
Info: id_router_003: "lcd" instantiated altera_merlin_router "id_router_003"
Info: rst_controller: "lcd" instantiated altera_reset_controller "rst_controller"
Info: cmd_xbar_demux: "lcd" instantiated altera_merlin_demultiplexer "cmd_xbar_demux"
Info: cmd_xbar_demux_001: "lcd" instantiated altera_merlin_demultiplexer "cmd_xbar_demux_001"
Info: cmd_xbar_mux: "lcd" instantiated altera_merlin_multiplexer "cmd_xbar_mux"
Info: rsp_xbar_demux: "lcd" instantiated altera_merlin_demultiplexer "rsp_xbar_demux"
Info: rsp_xbar_demux_003: "lcd" instantiated altera_merlin_demultiplexer "rsp_xbar_demux_003"
Info: rsp_xbar_mux: "lcd" instantiated altera_merlin_multiplexer "rsp_xbar_mux"
Info: Reusing file /home/aluno/Problema2/lcd/simulation/submodules/altera_merlin_arbitrator.sv
Info: rsp_xbar_mux_001: "lcd" instantiated altera_merlin_multiplexer "rsp_xbar_mux_001"
Info: Reusing file /home/aluno/Problema2/lcd/simulation/submodules/altera_merlin_arbitrator.sv
Info: irq_mapper: "lcd" instantiated altera_irq_mapper "irq_mapper"
Info: lcd: Done lcd" with 25 modules, 118 files, 2088272 bytes
Info: ip-generate succeeded.
Info: Finished: Create simulation model
Info: Starting: Create Modelsim Project.
Info: sim-script-gen --spd=/home/aluno/Problema2/lcd.spd --output-directory=/home/aluno/Problema2/lcd/simulation/
Info: Doing: ip-make-simscript --spd=/home/aluno/Problema2/lcd.spd --output-directory=/home/aluno/Problema2/lcd/simulation/
Info: Generating the following file(s) for MODELSIM simulator in /home/aluno/Problema2/lcd/simulation/ directory:
Info: 	mentor/msim_setup.tcl
Info: Generating the following file(s) for VCS simulator in /home/aluno/Problema2/lcd/simulation/ directory:
Info: 	synopsys/vcs/vcs_setup.sh
Info: Generating the following file(s) for VCSMX simulator in /home/aluno/Problema2/lcd/simulation/ directory:
Info: 	synopsys/vcsmx/synopsys_sim.setup
Info: 	synopsys/vcsmx/vcsmx_setup.sh
Info: Generating the following file(s) for NCSIM simulator in /home/aluno/Problema2/lcd/simulation/ directory:
Info: 	cadence/cds.lib
Info: 	cadence/hdl.var
Info: 	cadence/ncsim_setup.sh
Info: 	24 .cds.lib files in cadence/cds_libs/ directory
Info: Generating the following file(s) for RIVIERAPRO simulator in /home/aluno/Problema2/lcd/simulation/ directory:
Info: 	aldec/rivierapro_setup.tcl
Info: Finished: Create Modelsim Project.
Info: Starting: Create block symbol file (.bsf)
Info: ip-generate --project-directory=/home/aluno/Problema2/ --output-directory=/home/aluno/Problema2/lcd/ --report-file=bsf:/home/aluno/Problema2/lcd.bsf --system-info=DEVICE_FAMILY="Cyclone IV E" --system-info=DEVICE=EP4CE30F23C7 --system-info=DEVICE_SPEEDGRADE=7 --component-file=/home/aluno/Problema2/lcd.qsys
Progress: Loading Problema2/lcd.qsys
Progress: Reading input file
Progress: Adding clk_0 [clock_source 13.0]
Progress: Parameterizing module clk_0
Progress: Adding nios2_qsys_0 [altera_nios2_qsys 13.0]
Progress: Parameterizing module nios2_qsys_0
Progress: Adding onchip_memory2_0 [altera_avalon_onchip_memory2 13.0.1.99.2]
Progress: Parameterizing module onchip_memory2_0
Progress: Adding button_down [altera_avalon_pio 13.0.1.99.2]
Progress: Parameterizing module button_down
Progress: Adding led_r [altera_avalon_pio 13.0.1.99.2]
Progress: Parameterizing module led_r
Progress: Adding jtag_uart_0 [altera_avalon_jtag_uart 13.0.1.99.2]
Progress: Parameterizing module jtag_uart_0
Progress: Adding led_g [altera_avalon_pio 13.0.1.99.2]
Progress: Parameterizing module led_g
Progress: Adding led_b [altera_avalon_pio 13.0.1.99.2]
Progress: Parameterizing module led_b
Progress: Adding button_up [altera_avalon_pio 13.0.1.99.2]
Progress: Parameterizing module button_up
Progress: Adding button_enter [altera_avalon_pio 13.0.1.99.2]
Progress: Parameterizing module button_enter
Progress: Adding button_exit [altera_avalon_pio 13.0.1.99.2]
Progress: Parameterizing module button_exit
Progress: Adding lcd_output [altera_avalon_lcd_16207 13.0.1.99.2]
Progress: Parameterizing module lcd_output
Progress: Building connections
Progress: Parameterizing connections
Progress: Validating
Progress: Done reading input file
Info: lcd.button_down: PIO inputs are not hardwired in test bench. Undefined values will be read from PIO inputs during simulation.
Info: lcd.button_enter: PIO inputs are not hardwired in test bench. Undefined values will be read from PIO inputs during simulation.
Info: ip-generate succeeded.
Info: Finished: Create block symbol file (.bsf)
Info: 
Info: Starting: Create HDL design files for synthesis
Info: ip-generate --project-directory=/home/aluno/Problema2/ --output-directory=/home/aluno/Problema2/lcd/synthesis/ --file-set=QUARTUS_SYNTH --report-file=sopcinfo:/home/aluno/Problema2/lcd.sopcinfo --report-file=html:/home/aluno/Problema2/lcd.html --report-file=qip:/home/aluno/Problema2/lcd/synthesis/lcd.qip --report-file=cmp:/home/aluno/Problema2/lcd.cmp --report-file=svd --system-info=DEVICE_FAMILY="Cyclone IV E" --system-info=DEVICE=EP4CE30F23C7 --system-info=DEVICE_SPEEDGRADE=7 --component-file=/home/aluno/Problema2/lcd.qsys --language=VERILOG
Progress: Loading Problema2/lcd.qsys
Progress: Reading input file
Progress: Adding clk_0 [clock_source 13.0]
Progress: Parameterizing module clk_0
Progress: Adding nios2_qsys_0 [altera_nios2_qsys 13.0]
Progress: Parameterizing module nios2_qsys_0
Progress: Adding onchip_memory2_0 [altera_avalon_onchip_memory2 13.0.1.99.2]
Progress: Parameterizing module onchip_memory2_0
Progress: Adding button_down [altera_avalon_pio 13.0.1.99.2]
Progress: Parameterizing module button_down
Progress: Adding led_r [altera_avalon_pio 13.0.1.99.2]
Progress: Parameterizing module led_r
Progress: Adding jtag_uart_0 [altera_avalon_jtag_uart 13.0.1.99.2]
Progress: Parameterizing module jtag_uart_0
Progress: Adding led_g [altera_avalon_pio 13.0.1.99.2]
Progress: Parameterizing module led_g
Progress: Adding led_b [altera_avalon_pio 13.0.1.99.2]
Progress: Parameterizing module led_b
Progress: Adding button_up [altera_avalon_pio 13.0.1.99.2]
Progress: Parameterizing module button_up
Progress: Adding button_enter [altera_avalon_pio 13.0.1.99.2]
Progress: Parameterizing module button_enter
Progress: Adding button_exit [altera_avalon_pio 13.0.1.99.2]
Progress: Parameterizing module button_exit
Progress: Adding lcd_output [altera_avalon_lcd_16207 13.0.1.99.2]
Progress: Parameterizing module lcd_output
Progress: Building connections
Progress: Parameterizing connections
Progress: Validating
Progress: Done reading input file
Info: lcd.button_down: PIO inputs are not hardwired in test bench. Undefined values will be read from PIO inputs during simulation.
Info: lcd.button_enter: PIO inputs are not hardwired in test bench. Undefined values will be read from PIO inputs during simulation.
Info: lcd: Generating lcd "lcd" for QUARTUS_SYNTH
Info: pipeline_bridge_swap_transform: After transform: 12 modules, 45 connections
Info: No custom instruction connections, skipping transform 
Info: merlin_translator_transform: After transform: 25 modules, 93 connections
Info: merlin_domain_transform: After transform: 50 modules, 250 connections
Info: merlin_router_transform: After transform: 63 modules, 298 connections
Info: reset_adaptation_transform: After transform: 65 modules, 253 connections
Info: merlin_network_to_switch_transform: After transform: 90 modules, 307 connections
Info: merlin_mm_transform: After transform: 90 modules, 307 connections
Info: merlin_interrupt_mapper_transform: After transform: 91 modules, 310 connections
Warning: lcd: "No matching role found for rst_controller:reset_out:reset_req (reset_req)"
Warning: lcd: "No matching role found for rst_controller:reset_out:reset_req (reset_req)"
Warning: lcd: "No matching role found for rst_controller:reset_out:reset_req (reset_req)"
Warning: lcd: "No matching role found for rst_controller:reset_out:reset_req (reset_req)"
Warning: lcd: "No matching role found for rst_controller:reset_out:reset_req (reset_req)"
Warning: lcd: "No matching role found for rst_controller:reset_out:reset_req (reset_req)"
Warning: lcd: "No matching role found for rst_controller:reset_out:reset_req (reset_req)"
Warning: lcd: "No matching role found for rst_controller:reset_out:reset_req (reset_req)"
Warning: lcd: "No matching role found for rst_controller:reset_out:reset_req (reset_req)"
Warning: lcd: "No matching role found for rst_controller:reset_out:reset_req (reset_req)"
Warning: lcd: "No matching role found for rst_controller:reset_out:reset_req (reset_req)"
Warning: lcd: "No matching role found for rst_controller:reset_out:reset_req (reset_req)"
Warning: lcd: "No matching role found for rst_controller:reset_out:reset_req (reset_req)"
Warning: lcd: "No matching role found for rst_controller:reset_out:reset_req (reset_req)"
Warning: lcd: "No matching role found for rst_controller:reset_out:reset_req (reset_req)"
Warning: lcd: "No matching role found for rst_controller:reset_out:reset_req (reset_req)"
Warning: lcd: "No matching role found for rst_controller:reset_out:reset_req (reset_req)"
Warning: lcd: "No matching role found for rst_controller:reset_out:reset_req (reset_req)"
Warning: lcd: "No matching role found for rst_controller:reset_out:reset_req (reset_req)"
Warning: lcd: "No matching role found for rst_controller:reset_out:reset_req (reset_req)"
Warning: lcd: "No matching role found for rst_controller:reset_out:reset_req (reset_req)"
Warning: lcd: "No matching role found for rst_controller:reset_out:reset_req (reset_req)"
Warning: lcd: "No matching role found for rst_controller:reset_out:reset_req (reset_req)"
Warning: lcd: "No matching role found for rst_controller:reset_out:reset_req (reset_req)"
Warning: lcd: "No matching role found for rst_controller:reset_out:reset_req (reset_req)"
Warning: lcd: "No matching role found for rst_controller:reset_out:reset_req (reset_req)"
Warning: lcd: "No matching role found for rst_controller:reset_out:reset_req (reset_req)"
Warning: lcd: "No matching role found for rst_controller:reset_out:reset_req (reset_req)"
Warning: lcd: "No matching role found for rst_controller:reset_out:reset_req (reset_req)"
Warning: lcd: "No matching role found for rst_controller:reset_out:reset_req (reset_req)"
Warning: lcd: "No matching role found for rst_controller:reset_out:reset_req (reset_req)"
Warning: lcd: "No matching role found for rst_controller:reset_out:reset_req (reset_req)"
Warning: lcd: "No matching role found for rst_controller:reset_out:reset_req (reset_req)"
Warning: lcd: "No matching role found for rst_controller:reset_out:reset_req (reset_req)"
Warning: lcd: "No matching role found for rst_controller:reset_out:reset_req (reset_req)"
Warning: lcd: "No matching role found for rst_controller:reset_out:reset_req (reset_req)"
Warning: lcd: "No matching role found for rst_controller:reset_out:reset_req (reset_req)"
Warning: lcd: "No matching role found for rst_controller:reset_out:reset_req (reset_req)"
Warning: lcd: "No matching role found for rst_controller:reset_out:reset_req (reset_req)"
Warning: lcd: "No matching role found for rst_controller:reset_out:reset_req (reset_req)"
Warning: lcd: "No matching role found for rst_controller:reset_out:reset_req (reset_req)"
Warning: lcd: "No matching role found for rst_controller:reset_out:reset_req (reset_req)"
Warning: lcd: "No matching role found for rst_controller:reset_out:reset_req (reset_req)"
Warning: lcd: "No matching role found for rst_controller:reset_out:reset_req (reset_req)"
Warning: lcd: "No matching role found for rst_controller:reset_out:reset_req (reset_req)"
Warning: lcd: "No matching role found for rst_controller:reset_out:reset_req (reset_req)"
Warning: lcd: "No matching role found for rst_controller:reset_out:reset_req (reset_req)"
Warning: lcd: "No matching role found for rst_controller:reset_out:reset_req (reset_req)"
Warning: lcd: "No matching role found for rst_controller:reset_out:reset_req (reset_req)"
Warning: lcd: "No matching role found for rst_controller:reset_out:reset_req (reset_req)"
Warning: lcd: "No matching role found for rst_controller:reset_out:reset_req (reset_req)"
Warning: lcd: "No matching role found for rst_controller:reset_out:reset_req (reset_req)"
Warning: lcd: "No matching role found for rst_controller:reset_out:reset_req (reset_req)"
Warning: lcd: "No matching role found for rst_controller:reset_out:reset_req (reset_req)"
Warning: lcd: "No matching role found for rst_controller:reset_out:reset_req (reset_req)"
Warning: lcd: "No matching role found for rst_controller:reset_out:reset_req (reset_req)"
Warning: lcd: "No matching role found for rst_controller:reset_out:reset_req (reset_req)"
Warning: lcd: "No matching role found for rst_controller:reset_out:reset_req (reset_req)"
Warning: lcd: "No matching role found for rst_controller:reset_out:reset_req (reset_req)"
Info: nios2_qsys_0: Starting RTL generation for module 'lcd_nios2_qsys_0'
Info: nios2_qsys_0:   Generation command is [exec /opt/altera/13sp1/quartus/../ip/altera/nios2_ip/altera_nios2/eperl -I /opt/altera/13sp1/quartus/common/ip/altera/common/perl/5.8.3 -I /opt/altera/13sp1/quartus/sopc_builder/bin/europa -I /opt/altera/13sp1/quartus/sopc_builder/bin/perl_lib -I /opt/altera/13sp1/quartus/sopc_builder/bin -I /opt/altera/13sp1/quartus/../ip/altera/nios2_ip/altera_nios2/cpu_lib -I /opt/altera/13sp1/quartus/../ip/altera/nios2_ip/altera_nios2/nios_lib -I /opt/altera/13sp1/quartus/../ip/altera/nios2_ip/altera_nios2 -I /opt/altera/13sp1/quartus/../ip/altera/nios2_ip/altera_nios2 -- /opt/altera/13sp1/quartus/../ip/altera/nios2_ip/altera_nios2/generate_rtl.epl --name=lcd_nios2_qsys_0 --dir=/tmp/alt7847_3791732631546050357.dir/0025_nios2_qsys_0_gen/ --quartus_dir=/opt/altera/13sp1/quartus --verilog --config=/tmp/alt7847_3791732631546050357.dir/0025_nios2_qsys_0_gen//lcd_nios2_qsys_0_processor_configuration.pl  --do_build_sim=0    --bogus  ]
Info: nios2_qsys_0: # 2018.11.12 10:23:08 (*) Starting Nios II generation
Info: nios2_qsys_0: # 2018.11.12 10:23:08 (*)   Checking for plaintext license.
Info: nios2_qsys_0: # 2018.11.12 10:23:11 (*)   Plaintext license not found.
Info: nios2_qsys_0: # 2018.11.12 10:23:11 (*)   No license required to generate encrypted Nios II/e.
Info: nios2_qsys_0: # 2018.11.12 10:23:11 (*)   Elaborating CPU configuration settings
Info: nios2_qsys_0: # 2018.11.12 10:23:11 (*)   Creating all objects for CPU
Info: nios2_qsys_0: # 2018.11.12 10:23:15 (*)   Generating RTL from CPU objects
Info: nios2_qsys_0: # 2018.11.12 10:23:15 (*)   Creating plain-text RTL
Info: nios2_qsys_0: # 2018.11.12 10:23:24 (*) Done Nios II generation
Info: nios2_qsys_0: Done RTL generation for module 'lcd_nios2_qsys_0'
Info: nios2_qsys_0: "lcd" instantiated altera_nios2_qsys "nios2_qsys_0"
Info: onchip_memory2_0: Starting RTL generation for module 'lcd_onchip_memory2_0'
Info: onchip_memory2_0:   Generation command is [exec /opt/altera/13sp1/quartus/linux/perl/bin/perl -I /opt/altera/13sp1/quartus/common/ip/altera/common/perl/5.8.3 -I /opt/altera/13sp1/quartus/sopc_builder/bin/europa -I /opt/altera/13sp1/quartus/sopc_builder/bin/perl_lib -I /opt/altera/13sp1/quartus/sopc_builder/bin -I /opt/altera/13sp1/quartus/../ip/altera/sopc_builder_ip/common -I /opt/altera/13sp1/quartus/../ip/altera/sopc_builder_ip/altera_avalon_onchip_memory2 -- /opt/altera/13sp1/quartus/../ip/altera/sopc_builder_ip/altera_avalon_onchip_memory2/generate_rtl.pl --name=lcd_onchip_memory2_0 --dir=/tmp/alt7847_3791732631546050357.dir/0026_onchip_memory2_0_gen/ --quartus_dir=/opt/altera/13sp1/quartus --verilog --config=/tmp/alt7847_3791732631546050357.dir/0026_onchip_memory2_0_gen//lcd_onchip_memory2_0_component_configuration.pl  --do_build_sim=0  ]
Info: onchip_memory2_0: Done RTL generation for module 'lcd_onchip_memory2_0'
Info: onchip_memory2_0: "lcd" instantiated altera_avalon_onchip_memory2 "onchip_memory2_0"
Info: button_down: Starting RTL generation for module 'lcd_button_down'
Info: button_down:   Generation command is [exec /opt/altera/13sp1/quartus/linux/perl/bin/perl -I /opt/altera/13sp1/quartus/common/ip/altera/common/perl/5.8.3 -I /opt/altera/13sp1/quartus/sopc_builder/bin/europa -I /opt/altera/13sp1/quartus/sopc_builder/bin/perl_lib -I /opt/altera/13sp1/quartus/sopc_builder/bin -I /opt/altera/13sp1/quartus/../ip/altera/sopc_builder_ip/common -I /opt/altera/13sp1/quartus/../ip/altera/sopc_builder_ip/altera_avalon_pio -- /opt/altera/13sp1/quartus/../ip/altera/sopc_builder_ip/altera_avalon_pio/generate_rtl.pl --name=lcd_button_down --dir=/tmp/alt7847_3791732631546050357.dir/0027_button_down_gen/ --quartus_dir=/opt/altera/13sp1/quartus --verilog --config=/tmp/alt7847_3791732631546050357.dir/0027_button_down_gen//lcd_button_down_component_configuration.pl  --do_build_sim=0  ]
Info: button_down: Done RTL generation for module 'lcd_button_down'
Info: button_down: "lcd" instantiated altera_avalon_pio "button_down"
Info: led_r: Starting RTL generation for module 'lcd_led_r'
Info: led_r:   Generation command is [exec /opt/altera/13sp1/quartus/linux/perl/bin/perl -I /opt/altera/13sp1/quartus/common/ip/altera/common/perl/5.8.3 -I /opt/altera/13sp1/quartus/sopc_builder/bin/europa -I /opt/altera/13sp1/quartus/sopc_builder/bin/perl_lib -I /opt/altera/13sp1/quartus/sopc_builder/bin -I /opt/altera/13sp1/quartus/../ip/altera/sopc_builder_ip/common -I /opt/altera/13sp1/quartus/../ip/altera/sopc_builder_ip/altera_avalon_pio -- /opt/altera/13sp1/quartus/../ip/altera/sopc_builder_ip/altera_avalon_pio/generate_rtl.pl --name=lcd_led_r --dir=/tmp/alt7847_3791732631546050357.dir/0028_led_r_gen/ --quartus_dir=/opt/altera/13sp1/quartus --verilog --config=/tmp/alt7847_3791732631546050357.dir/0028_led_r_gen//lcd_led_r_component_configuration.pl  --do_build_sim=0  ]
Info: led_r: Done RTL generation for module 'lcd_led_r'
Info: led_r: "lcd" instantiated altera_avalon_pio "led_r"
Info: jtag_uart_0: Starting RTL generation for module 'lcd_jtag_uart_0'
Info: jtag_uart_0:   Generation command is [exec /opt/altera/13sp1/quartus/linux/perl/bin/perl -I /opt/altera/13sp1/quartus/common/ip/altera/common/perl/5.8.3 -I /opt/altera/13sp1/quartus/sopc_builder/bin/europa -I /opt/altera/13sp1/quartus/sopc_builder/bin/perl_lib -I /opt/altera/13sp1/quartus/sopc_builder/bin -I /opt/altera/13sp1/quartus/../ip/altera/sopc_builder_ip/common -I /opt/altera/13sp1/quartus/../ip/altera/sopc_builder_ip/altera_avalon_jtag_uart -- /opt/altera/13sp1/quartus/../ip/altera/sopc_builder_ip/altera_avalon_jtag_uart/generate_rtl.pl --name=lcd_jtag_uart_0 --dir=/tmp/alt7847_3791732631546050357.dir/0029_jtag_uart_0_gen/ --quartus_dir=/opt/altera/13sp1/quartus --verilog --config=/tmp/alt7847_3791732631546050357.dir/0029_jtag_uart_0_gen//lcd_jtag_uart_0_component_configuration.pl  --do_build_sim=0  ]
Info: jtag_uart_0: Done RTL generation for module 'lcd_jtag_uart_0'
Info: jtag_uart_0: "lcd" instantiated altera_avalon_jtag_uart "jtag_uart_0"
Info: lcd_output: Starting RTL generation for module 'lcd_lcd_output'
Info: lcd_output:   Generation command is [exec /opt/altera/13sp1/quartus/linux/perl/bin/perl -I /opt/altera/13sp1/quartus/common/ip/altera/common/perl/5.8.3 -I /opt/altera/13sp1/quartus/sopc_builder/bin/europa -I /opt/altera/13sp1/quartus/sopc_builder/bin/perl_lib -I /opt/altera/13sp1/quartus/sopc_builder/bin -I /opt/altera/13sp1/quartus/../ip/altera/sopc_builder_ip/common -I /opt/altera/13sp1/quartus/../ip/altera/sopc_builder_ip/altera_avalon_lcd_16207 -- /opt/altera/13sp1/quartus/../ip/altera/sopc_builder_ip/altera_avalon_lcd_16207/generate_rtl.pl --name=lcd_lcd_output --dir=/tmp/alt7847_3791732631546050357.dir/0030_lcd_output_gen/ --quartus_dir=/opt/altera/13sp1/quartus --verilog --config=/tmp/alt7847_3791732631546050357.dir/0030_lcd_output_gen//lcd_lcd_output_component_configuration.pl  --do_build_sim=0  ]
Info: lcd_output: Done RTL generation for module 'lcd_lcd_output'
Info: lcd_output: "lcd" instantiated altera_avalon_lcd_16207 "lcd_output"
Info: nios2_qsys_0_instruction_master_translator: "lcd" instantiated altera_merlin_master_translator "nios2_qsys_0_instruction_master_translator"
Info: nios2_qsys_0_jtag_debug_module_translator: "lcd" instantiated altera_merlin_slave_translator "nios2_qsys_0_jtag_debug_module_translator"
Info: nios2_qsys_0_instruction_master_translator_avalon_universal_master_0_agent: "lcd" instantiated altera_merlin_master_agent "nios2_qsys_0_instruction_master_translator_avalon_universal_master_0_agent"
Info: nios2_qsys_0_jtag_debug_module_translator_avalon_universal_slave_0_agent: "lcd" instantiated altera_merlin_slave_agent "nios2_qsys_0_jtag_debug_module_translator_avalon_universal_slave_0_agent"
Info: nios2_qsys_0_jtag_debug_module_translator_avalon_universal_slave_0_agent_rsp_fifo: "lcd" instantiated altera_avalon_sc_fifo "nios2_qsys_0_jtag_debug_module_translator_avalon_universal_slave_0_agent_rsp_fifo"
Info: addr_router: "lcd" instantiated altera_merlin_router "addr_router"
Info: addr_router_001: "lcd" instantiated altera_merlin_router "addr_router_001"
Info: id_router: "lcd" instantiated altera_merlin_router "id_router"
Info: id_router_003: "lcd" instantiated altera_merlin_router "id_router_003"
Info: rst_controller: "lcd" instantiated altera_reset_controller "rst_controller"
Info: cmd_xbar_demux: "lcd" instantiated altera_merlin_demultiplexer "cmd_xbar_demux"
Info: cmd_xbar_demux_001: "lcd" instantiated altera_merlin_demultiplexer "cmd_xbar_demux_001"
Info: cmd_xbar_mux: "lcd" instantiated altera_merlin_multiplexer "cmd_xbar_mux"
Info: rsp_xbar_demux: "lcd" instantiated altera_merlin_demultiplexer "rsp_xbar_demux"
Info: rsp_xbar_demux_003: "lcd" instantiated altera_merlin_demultiplexer "rsp_xbar_demux_003"
Info: rsp_xbar_mux: "lcd" instantiated altera_merlin_multiplexer "rsp_xbar_mux"
Info: Reusing file /home/aluno/Problema2/lcd/synthesis/submodules/altera_merlin_arbitrator.sv
Info: rsp_xbar_mux_001: "lcd" instantiated altera_merlin_multiplexer "rsp_xbar_mux_001"
Info: Reusing file /home/aluno/Problema2/lcd/synthesis/submodules/altera_merlin_arbitrator.sv
Info: irq_mapper: "lcd" instantiated altera_irq_mapper "irq_mapper"
Info: lcd: Done lcd" with 25 modules, 111 files, 2075730 bytes
Info: ip-generate succeeded.
Info: Finished: Create HDL design files for synthesis
