Flow report for LCD
Wed Nov 14 14:40:09 2018
Quartus II 32-bit Version 13.0.1 Build 232 06/12/2013 Service Pack 1 SJ Web Edition


---------------------
; Table of Contents ;
---------------------
  1. Legal Notice
  2. Flow Summary
  3. Flow Settings
  4. Flow Non-Default Global Settings
  5. Flow Elapsed Time
  6. Flow OS Summary
  7. Flow Log
  8. Flow Messages
  9. Flow Suppressed Messages



----------------
; Legal Notice ;
----------------
Copyright (C) 1991-2013 Altera Corporation
Your use of Altera Corporation's design tools, logic functions 
and other software and tools, and its AMPP partner logic 
functions, and any output files from any of the foregoing 
(including device programming or simulation files), and any 
associated documentation or information are expressly subject 
to the terms and conditions of the Altera Program License 
Subscription Agreement, Altera MegaCore Function License 
Agreement, or other applicable license agreement, including, 
without limitation, that your use is for the sole purpose of 
programming logic devices manufactured by Altera and sold by 
Altera or its authorized distributors.  Please refer to the 
applicable agreement for further details.



+--------------------------------------------------------------------------------------+
; Flow Summary                                                                         ;
+------------------------------------+-------------------------------------------------+
; Flow Status                        ; Successful - Wed Nov 14 14:40:09 2018           ;
; Quartus II 32-bit Version          ; 13.0.1 Build 232 06/12/2013 SP 1 SJ Web Edition ;
; Revision Name                      ; LCD                                             ;
; Top-level Entity Name              ; lcd                                             ;
; Family                             ; Cyclone IV E                                    ;
; Device                             ; EP4CE30F23C7                                    ;
; Timing Models                      ; Final                                           ;
; Total logic elements               ; 1,959 / 28,848 ( 7 % )                          ;
;     Total combinational functions  ; 1,858 / 28,848 ( 6 % )                          ;
;     Dedicated logic registers      ; 1,083 / 28,848 ( 4 % )                          ;
; Total registers                    ; 1083                                            ;
; Total pins                         ; 21 / 329 ( 6 % )                                ;
; Total virtual pins                 ; 0                                               ;
; Total memory bits                  ; 76,800 / 608,256 ( 13 % )                       ;
; Embedded Multiplier 9-bit elements ; 0 / 132 ( 0 % )                                 ;
; Total PLLs                         ; 0 / 4 ( 0 % )                                   ;
+------------------------------------+-------------------------------------------------+


+-----------------------------------------+
; Flow Settings                           ;
+-------------------+---------------------+
; Option            ; Setting             ;
+-------------------+---------------------+
; Start date & time ; 11/14/2018 14:37:20 ;
; Main task         ; Compilation         ;
; Revision Name     ; LCD                 ;
+-------------------+---------------------+


+----------------------------------------------------------------------------------------------------------------------------------------------------------------+
; Flow Non-Default Global Settings                                                                                                                               ;
+-------------------------------------+-------------------------------------------------------+---------------+---------------------------------+----------------+
; Assignment Name                     ; Value                                                 ; Default Value ; Entity Name                     ; Section Id     ;
+-------------------------------------+-------------------------------------------------------+---------------+---------------------------------+----------------+
; COMPILER_SIGNATURE_ID               ; 105425944259.154221704006042                          ; --            ; --                              ; --             ;
; EDA_OUTPUT_DATA_FORMAT              ; Vhdl                                                  ; --            ; --                              ; eda_simulation ;
; EDA_SIMULATION_TOOL                 ; ModelSim-Altera (VHDL)                                ; <None>        ; --                              ; --             ;
; IP_TOOL_ENV                         ; Qsys                                                  ; --            ; altera_avalon_sc_fifo           ; --             ;
; IP_TOOL_ENV                         ; Qsys                                                  ; --            ; altera_merlin_master_agent      ; --             ;
; IP_TOOL_ENV                         ; Qsys                                                  ; --            ; altera_merlin_master_translator ; --             ;
; IP_TOOL_ENV                         ; Qsys                                                  ; --            ; altera_merlin_slave_agent       ; --             ;
; IP_TOOL_ENV                         ; Qsys                                                  ; --            ; altera_merlin_slave_translator  ; --             ;
; IP_TOOL_ENV                         ; Qsys                                                  ; --            ; altera_reset_controller         ; --             ;
; IP_TOOL_ENV                         ; Qsys                                                  ; --            ; lcd                             ; --             ;
; IP_TOOL_ENV                         ; Qsys                                                  ; --            ; lcd_addr_router                 ; --             ;
; IP_TOOL_ENV                         ; Qsys                                                  ; --            ; lcd_addr_router_001             ; --             ;
; IP_TOOL_ENV                         ; Qsys                                                  ; --            ; lcd_button_down                 ; --             ;
; IP_TOOL_ENV                         ; Qsys                                                  ; --            ; lcd_cmd_xbar_demux              ; --             ;
; IP_TOOL_ENV                         ; Qsys                                                  ; --            ; lcd_cmd_xbar_demux_001          ; --             ;
; IP_TOOL_ENV                         ; Qsys                                                  ; --            ; lcd_cmd_xbar_mux                ; --             ;
; IP_TOOL_ENV                         ; Qsys                                                  ; --            ; lcd_id_router                   ; --             ;
; IP_TOOL_ENV                         ; Qsys                                                  ; --            ; lcd_id_router_004               ; --             ;
; IP_TOOL_ENV                         ; Qsys                                                  ; --            ; lcd_irq_mapper                  ; --             ;
; IP_TOOL_ENV                         ; Qsys                                                  ; --            ; lcd_jtag_uart_0                 ; --             ;
; IP_TOOL_ENV                         ; Qsys                                                  ; --            ; lcd_lcd_output                  ; --             ;
; IP_TOOL_ENV                         ; Qsys                                                  ; --            ; lcd_led_r                       ; --             ;
; IP_TOOL_ENV                         ; Qsys                                                  ; --            ; lcd_nios2_qsys_0                ; --             ;
; IP_TOOL_ENV                         ; Qsys                                                  ; --            ; lcd_onchip_memory2_0            ; --             ;
; IP_TOOL_ENV                         ; Qsys                                                  ; --            ; lcd_rsp_xbar_demux              ; --             ;
; IP_TOOL_ENV                         ; Qsys                                                  ; --            ; lcd_rsp_xbar_demux_004          ; --             ;
; IP_TOOL_ENV                         ; Qsys                                                  ; --            ; lcd_rsp_xbar_mux                ; --             ;
; IP_TOOL_ENV                         ; Qsys                                                  ; --            ; lcd_rsp_xbar_mux_001            ; --             ;
; IP_TOOL_ENV                         ; Qsys                                                  ; --            ; lcd_uart_main                   ; --             ;
; IP_TOOL_NAME                        ; altera_avalon_sc_fifo                                 ; --            ; altera_avalon_sc_fifo           ; --             ;
; IP_TOOL_NAME                        ; altera_merlin_master_agent                            ; --            ; altera_merlin_master_agent      ; --             ;
; IP_TOOL_NAME                        ; altera_merlin_master_translator                       ; --            ; altera_merlin_master_translator ; --             ;
; IP_TOOL_NAME                        ; altera_merlin_slave_agent                             ; --            ; altera_merlin_slave_agent       ; --             ;
; IP_TOOL_NAME                        ; altera_merlin_slave_translator                        ; --            ; altera_merlin_slave_translator  ; --             ;
; IP_TOOL_NAME                        ; altera_reset_controller                               ; --            ; altera_reset_controller         ; --             ;
; IP_TOOL_NAME                        ; Qsys                                                  ; --            ; lcd                             ; --             ;
; IP_TOOL_NAME                        ; altera_merlin_router                                  ; --            ; lcd_addr_router                 ; --             ;
; IP_TOOL_NAME                        ; altera_merlin_router                                  ; --            ; lcd_addr_router_001             ; --             ;
; IP_TOOL_NAME                        ; altera_avalon_pio                                     ; --            ; lcd_button_down                 ; --             ;
; IP_TOOL_NAME                        ; altera_merlin_demultiplexer                           ; --            ; lcd_cmd_xbar_demux              ; --             ;
; IP_TOOL_NAME                        ; altera_merlin_demultiplexer                           ; --            ; lcd_cmd_xbar_demux_001          ; --             ;
; IP_TOOL_NAME                        ; altera_merlin_multiplexer                             ; --            ; lcd_cmd_xbar_mux                ; --             ;
; IP_TOOL_NAME                        ; altera_merlin_router                                  ; --            ; lcd_id_router                   ; --             ;
; IP_TOOL_NAME                        ; altera_merlin_router                                  ; --            ; lcd_id_router_004               ; --             ;
; IP_TOOL_NAME                        ; altera_irq_mapper                                     ; --            ; lcd_irq_mapper                  ; --             ;
; IP_TOOL_NAME                        ; altera_avalon_jtag_uart                               ; --            ; lcd_jtag_uart_0                 ; --             ;
; IP_TOOL_NAME                        ; altera_avalon_lcd_16207                               ; --            ; lcd_lcd_output                  ; --             ;
; IP_TOOL_NAME                        ; altera_avalon_pio                                     ; --            ; lcd_led_r                       ; --             ;
; IP_TOOL_NAME                        ; altera_nios2_qsys                                     ; --            ; lcd_nios2_qsys_0                ; --             ;
; IP_TOOL_NAME                        ; altera_avalon_onchip_memory2                          ; --            ; lcd_onchip_memory2_0            ; --             ;
; IP_TOOL_NAME                        ; altera_merlin_demultiplexer                           ; --            ; lcd_rsp_xbar_demux              ; --             ;
; IP_TOOL_NAME                        ; altera_merlin_demultiplexer                           ; --            ; lcd_rsp_xbar_demux_004          ; --             ;
; IP_TOOL_NAME                        ; altera_merlin_multiplexer                             ; --            ; lcd_rsp_xbar_mux                ; --             ;
; IP_TOOL_NAME                        ; altera_merlin_multiplexer                             ; --            ; lcd_rsp_xbar_mux_001            ; --             ;
; IP_TOOL_NAME                        ; altera_avalon_uart                                    ; --            ; lcd_uart_main                   ; --             ;
; IP_TOOL_VERSION                     ; 13.0                                                  ; --            ; altera_avalon_sc_fifo           ; --             ;
; IP_TOOL_VERSION                     ; 13.0                                                  ; --            ; altera_merlin_master_agent      ; --             ;
; IP_TOOL_VERSION                     ; 13.0                                                  ; --            ; altera_merlin_master_translator ; --             ;
; IP_TOOL_VERSION                     ; 13.0                                                  ; --            ; altera_merlin_slave_agent       ; --             ;
; IP_TOOL_VERSION                     ; 13.0                                                  ; --            ; altera_merlin_slave_translator  ; --             ;
; IP_TOOL_VERSION                     ; 13.0                                                  ; --            ; altera_reset_controller         ; --             ;
; IP_TOOL_VERSION                     ; 13.0sp1                                               ; --            ; lcd                             ; --             ;
; IP_TOOL_VERSION                     ; 13.0                                                  ; --            ; lcd_addr_router                 ; --             ;
; IP_TOOL_VERSION                     ; 13.0                                                  ; --            ; lcd_addr_router_001             ; --             ;
; IP_TOOL_VERSION                     ; 13.0.1.99.2                                           ; --            ; lcd_button_down                 ; --             ;
; IP_TOOL_VERSION                     ; 13.0                                                  ; --            ; lcd_cmd_xbar_demux              ; --             ;
; IP_TOOL_VERSION                     ; 13.0                                                  ; --            ; lcd_cmd_xbar_demux_001          ; --             ;
; IP_TOOL_VERSION                     ; 13.0                                                  ; --            ; lcd_cmd_xbar_mux                ; --             ;
; IP_TOOL_VERSION                     ; 13.0                                                  ; --            ; lcd_id_router                   ; --             ;
; IP_TOOL_VERSION                     ; 13.0                                                  ; --            ; lcd_id_router_004               ; --             ;
; IP_TOOL_VERSION                     ; 13.0                                                  ; --            ; lcd_irq_mapper                  ; --             ;
; IP_TOOL_VERSION                     ; 13.0.1.99.2                                           ; --            ; lcd_jtag_uart_0                 ; --             ;
; IP_TOOL_VERSION                     ; 13.0.1.99.2                                           ; --            ; lcd_lcd_output                  ; --             ;
; IP_TOOL_VERSION                     ; 13.0.1.99.2                                           ; --            ; lcd_led_r                       ; --             ;
; IP_TOOL_VERSION                     ; 13.0                                                  ; --            ; lcd_nios2_qsys_0                ; --             ;
; IP_TOOL_VERSION                     ; 13.0.1.99.2                                           ; --            ; lcd_onchip_memory2_0            ; --             ;
; IP_TOOL_VERSION                     ; 13.0                                                  ; --            ; lcd_rsp_xbar_demux              ; --             ;
; IP_TOOL_VERSION                     ; 13.0                                                  ; --            ; lcd_rsp_xbar_demux_004          ; --             ;
; IP_TOOL_VERSION                     ; 13.0                                                  ; --            ; lcd_rsp_xbar_mux                ; --             ;
; IP_TOOL_VERSION                     ; 13.0                                                  ; --            ; lcd_rsp_xbar_mux_001            ; --             ;
; IP_TOOL_VERSION                     ; 13.0.1.99.2                                           ; --            ; lcd_uart_main                   ; --             ;
; MAX_CORE_JUNCTION_TEMP              ; 85                                                    ; --            ; --                              ; --             ;
; MIN_CORE_JUNCTION_TEMP              ; 0                                                     ; --            ; --                              ; --             ;
; MISC_FILE                           ; lcd/synthesis/../../lcd.cmp                           ; --            ; --                              ; --             ;
; MISC_FILE                           ; lcd/synthesis/../../lcd.qsys                          ; --            ; --                              ; --             ;
; NOMINAL_CORE_SUPPLY_VOLTAGE         ; 1.2V                                                  ; --            ; --                              ; --             ;
; PARTITION_COLOR                     ; 16764057                                              ; --            ; lcd                             ; Top            ;
; PARTITION_FITTER_PRESERVATION_LEVEL ; PLACEMENT_AND_ROUTING                                 ; --            ; lcd                             ; Top            ;
; PARTITION_NETLIST_TYPE              ; SOURCE                                                ; --            ; lcd                             ; Top            ;
; POWER_BOARD_THERMAL_MODEL           ; None (CONSERVATIVE)                                   ; --            ; --                              ; --             ;
; POWER_PRESET_COOLING_SOLUTION       ; 23 MM HEAT SINK WITH 200 LFPM AIRFLOW                 ; --            ; --                              ; --             ;
; PROJECT_OUTPUT_DIRECTORY            ; output_files                                          ; --            ; --                              ; --             ;
; SLD_INFO                            ; QSYS_NAME lcd HAS_SOPCINFO 1 GENERATION_ID 1542215583 ; --            ; lcd                             ; --             ;
; SOPCINFO_FILE                       ; lcd/synthesis/../../lcd.sopcinfo                      ; --            ; --                              ; --             ;
; SYNTHESIS_ONLY_QIP                  ; On                                                    ; --            ; --                              ; --             ;
+-------------------------------------+-------------------------------------------------------+---------------+---------------------------------+----------------+


+-------------------------------------------------------------------------------------------------------------------------------+
; Flow Elapsed Time                                                                                                             ;
+---------------------------+--------------+-------------------------+---------------------+------------------------------------+
; Module Name               ; Elapsed Time ; Average Processors Used ; Peak Virtual Memory ; Total CPU Time (on all processors) ;
+---------------------------+--------------+-------------------------+---------------------+------------------------------------+
; Analysis & Synthesis      ; 00:00:37     ; 1.0                     ; 410 MB              ; 00:00:36                           ;
; Fitter                    ; 00:01:07     ; 1.0                     ; 566 MB              ; 00:01:05                           ;
; Assembler                 ; 00:00:09     ; 1.0                     ; 345 MB              ; 00:00:08                           ;
; TimeQuest Timing Analyzer ; 00:00:14     ; 1.0                     ; 408 MB              ; 00:00:14                           ;
; EDA Netlist Writer        ; 00:00:11     ; 1.0                     ; 330 MB              ; 00:00:11                           ;
; Total                     ; 00:02:18     ; --                      ; --                  ; 00:02:14                           ;
+---------------------------+--------------+-------------------------+---------------------+------------------------------------+


+-----------------------------------------------------------------------------------------------+
; Flow OS Summary                                                                               ;
+---------------------------+------------------+------------------+------------+----------------+
; Module Name               ; Machine Hostname ; OS Name          ; OS Version ; Processor type ;
+---------------------------+------------------+------------------+------------+----------------+
; Analysis & Synthesis      ; LabHard-25101    ; Debian GNU/Linux ; 7          ; i686           ;
; Fitter                    ; LabHard-25101    ; Debian GNU/Linux ; 7          ; i686           ;
; Assembler                 ; LabHard-25101    ; Debian GNU/Linux ; 7          ; i686           ;
; TimeQuest Timing Analyzer ; LabHard-25101    ; Debian GNU/Linux ; 7          ; i686           ;
; EDA Netlist Writer        ; LabHard-25101    ; Debian GNU/Linux ; 7          ; i686           ;
+---------------------------+------------------+------------------+------------+----------------+


------------
; Flow Log ;
------------
quartus_map --read_settings_files=on --write_settings_files=off LCD -c LCD
quartus_fit --read_settings_files=off --write_settings_files=off LCD -c LCD
quartus_asm --read_settings_files=off --write_settings_files=off LCD -c LCD
quartus_sta LCD -c LCD
quartus_eda --read_settings_files=off --write_settings_files=off LCD -c LCD



