
**** Build of configuration Nios II for project ProblemaMQTT ****

make all 
Info: Building ../ProblemaMQTT_bsp/
make --no-print-directory -C ../ProblemaMQTT_bsp/
[BSP build complete]
Info: Compiling hello_world_small.c to obj/default/hello_world_small.o
nios2-elf-gcc -xc -MP -MMD -c -I../ProblemaMQTT_bsp//HAL/inc -I../ProblemaMQTT_bsp/ -I../ProblemaMQTT_bsp//drivers/inc  -DSYSTEM_BUS_WIDTH=32 -pipe -D__hal__ -DALT_NO_C_PLUS_PLUS -DALT_NO_CLEAN_EXIT -DALT_NO_EXIT -DALT_USE_DIRECT_DRIVERS -DALT_NO_INSTRUCTION_EMULATION -DALT_USE_SMALL_DRIVERS -DSMALL_C_LIB -DALT_SINGLE_THREADED    -Os -g -Wall   -EL -mno-hw-div -mno-hw-mul -mno-hw-mulx  -o obj/default/hello_world_small.o hello_world_small.c
hello_world_small.c: In function 'sendCommand':
hello_world_small.c:169: warning: implicit declaration of function 'alt_putstr'
hello_world_small.c:176: warning: passing argument 1 of 'printJTAG' makes pointer from integer without a cast
Info: Linking ProblemaMQTT.elf
nios2-elf-g++  -T'../ProblemaMQTT_bsp//linker.x' -msys-crt0='../ProblemaMQTT_bsp//obj/HAL/src/crt0.o' -msys-lib=hal_bsp -L../ProblemaMQTT_bsp/  -Wl,--defsym,exit=_exit -msmallc  -Wl,-Map=ProblemaMQTT.map   -Os -g -Wall   -EL -mno-hw-div -mno-hw-mul -mno-hw-mulx  -o ProblemaMQTT.elf obj/default/hello_world_small.o -lm 
hello_world_small.c:168: warning: unused variable 'miss'
hello_world_small.c: In function 'startConnection':
hello_world_small.c:187: warning: passing argument 1 of 'printJTAG' makes pointer from integer without a cast
nios2-elf-insert ProblemaMQTT.elf --thread_model hal --cpu_name nios2_qsys_0 --qsys true --simulation_enabled false --stderr_dev uart_main --stdin_dev uart_main --stdout_dev uart_main --sopc_system_name lcd --quartus_project_dir "/home/aluno/Problema2" --sopcinfo /home/aluno/Problema2/software/ProblemaMQTT_bsp/../../lcd.sopcinfo
hello_world_small.c:189: warning: passing argument 1 of 'printJTAG' makes pointer from integer without a cast
hello_world_small.c: In function 'connectMQTT':
hello_world_small.c:221: warning: passing argument 1 of 'printJTAG' makes pointer from integer without a cast
hello_world_small.c:239: warning: passing argument 1 of 'printJTAG' makes pointer from integer without a cast
hello_world_small.c: In function 'sendData':
hello_world_small.c:270: warning: unused variable 'receive'
hello_world_small.c: In function 'closeMQTT':
hello_world_small.c:320: warning: passing argument 1 of 'printJTAG' makes pointer from integer without a cast
hello_world_small.c:329: warning: passing argument 1 of 'printJTAG' makes pointer from integer without a cast
hello_world_small.c: In function 'closeConnection':
hello_world_small.c:343: warning: passing argument 1 of 'printJTAG' makes pointer from integer without a cast
hello_world_small.c:344: warning: passing argument 1 of 'printJTAG' makes pointer from integer without a cast
hello_world_small.c: In function 'printJTAG':
hello_world_small.c:416: warning: passing argument 2 of '__builtin_stwio' makes integer from pointer without a cast
Info: (ProblemaMQTT.elf) 6920 Bytes program size (code + initialized data).
Info:                    1028 Bytes free for stack + heap.
Info: Creating ProblemaMQTT.objdump
nios2-elf-objdump --disassemble --syms --all-header --source ProblemaMQTT.elf >ProblemaMQTT.objdump
[ProblemaMQTT build complete]

**** Build Finished ****

**** Build of configuration Nios II for project ProblemaMQTT ****

make all 
Info: Building ../ProblemaMQTT_bsp/
make --no-print-directory -C ../ProblemaMQTT_bsp/
[BSP build complete]
Info: Compiling hello_world_small.c to obj/default/hello_world_small.o
nios2-elf-gcc -xc -MP -MMD -c -I../ProblemaMQTT_bsp//HAL/inc -I../ProblemaMQTT_bsp/ -I../ProblemaMQTT_bsp//drivers/inc  -DSYSTEM_BUS_WIDTH=32 -pipe -D__hal__ -DALT_NO_C_PLUS_PLUS -DALT_NO_CLEAN_EXIT -DALT_NO_EXIT -DALT_USE_DIRECT_DRIVERS -DALT_NO_INSTRUCTION_EMULATION -DALT_USE_SMALL_DRIVERS -DSMALL_C_LIB -DALT_SINGLE_THREADED    -Os -g -Wall   -EL -mno-hw-div -mno-hw-mul -mno-hw-mulx  -o obj/default/hello_world_small.o hello_world_small.c
hello_world_small.c: In function 'sendCommand':
hello_world_small.c:169: warning: implicit declaration of function 'alt_putstr'
Info: Linking ProblemaMQTT.elf
hello_world_small.c:176: warning: passing argument 1 of 'printJTAG' makes pointer from integer without a cast
nios2-elf-g++  -T'../ProblemaMQTT_bsp//linker.x' -msys-crt0='../ProblemaMQTT_bsp//obj/HAL/src/crt0.o' -msys-lib=hal_bsp -L../ProblemaMQTT_bsp/  -Wl,--defsym,exit=_exit -msmallc  -Wl,-Map=ProblemaMQTT.map   -Os -g -Wall   -EL -mno-hw-div -mno-hw-mul -mno-hw-mulx  -o ProblemaMQTT.elf obj/default/hello_world_small.o -lm 
hello_world_small.c:168: warning: unused variable 'miss'
hello_world_small.c: In function 'startConnection':
hello_world_small.c:187: warning: passing argument 1 of 'printJTAG' makes pointer from integer without a cast
nios2-elf-insert ProblemaMQTT.elf --thread_model hal --cpu_name nios2_qsys_0 --qsys true --simulation_enabled false --stderr_dev uart_main --stdin_dev uart_main --stdout_dev uart_main --sopc_system_name lcd --quartus_project_dir "/home/aluno/Problema2" --sopcinfo /home/aluno/Problema2/software/ProblemaMQTT_bsp/../../lcd.sopcinfo
hello_world_small.c:189: warning: passing argument 1 of 'printJTAG' makes pointer from integer without a cast
Info: (ProblemaMQTT.elf) 6920 Bytes program size (code + initialized data).
hello_world_small.c: In function 'connectMQTT':
hello_world_small.c:221: warning: passing argument 1 of 'printJTAG' makes pointer from integer without a cast
Info:                    1028 Bytes free for stack + heap.
Info: Creating ProblemaMQTT.objdump
nios2-elf-objdump --disassemble --syms --all-header --source ProblemaMQTT.elf >ProblemaMQTT.objdump
hello_world_small.c:239: warning: passing argument 1 of 'printJTAG' makes pointer from integer without a cast
[ProblemaMQTT build complete]
hello_world_small.c: In function 'sendData':
hello_world_small.c:270: warning: unused variable 'receive'
hello_world_small.c: In function 'closeMQTT':
hello_world_small.c:320: warning: passing argument 1 of 'printJTAG' makes pointer from integer without a cast
hello_world_small.c:329: warning: passing argument 1 of 'printJTAG' makes pointer from integer without a cast
hello_world_small.c: In function 'closeConnection':
hello_world_small.c:343: warning: passing argument 1 of 'printJTAG' makes pointer from integer without a cast
hello_world_small.c:344: warning: passing argument 1 of 'printJTAG' makes pointer from integer without a cast
hello_world_small.c: In function 'printJTAG':
hello_world_small.c:416: warning: passing argument 2 of '__builtin_stwio' makes integer from pointer without a cast

**** Build Finished ****

**** Build of configuration Nios II for project ProblemaMQTT ****

make all 
Info: Building ../ProblemaMQTT_bsp/
make --no-print-directory -C ../ProblemaMQTT_bsp/
[BSP build complete]
[ProblemaMQTT build complete]

**** Build Finished ****

**** Build of configuration Nios II for project ProblemaMQTT ****

make all 
Info: Building ../ProblemaMQTT_bsp/
make --no-print-directory -C ../ProblemaMQTT_bsp/
[BSP build complete]
[ProblemaMQTT build complete]

**** Build Finished ****

**** Build of configuration Nios II for project ProblemaMQTT ****

make all 
Info: Building ../ProblemaMQTT_bsp/
make --no-print-directory -C ../ProblemaMQTT_bsp/
[BSP build complete]
[ProblemaMQTT build complete]

**** Build Finished ****

**** Build of configuration Nios II for project ProblemaMQTT ****

make all 
Info: Building ../ProblemaMQTT_bsp/
make --no-print-directory -C ../ProblemaMQTT_bsp/
[BSP build complete]
Info: Compiling hello_world_small.c to obj/default/hello_world_small.o
nios2-elf-gcc -xc -MP -MMD -c -I../ProblemaMQTT_bsp//HAL/inc -I../ProblemaMQTT_bsp/ -I../ProblemaMQTT_bsp//drivers/inc  -DSYSTEM_BUS_WIDTH=32 -pipe -D__hal__ -DALT_NO_C_PLUS_PLUS -DALT_NO_CLEAN_EXIT -DALT_NO_EXIT -DALT_USE_DIRECT_DRIVERS -DALT_NO_INSTRUCTION_EMULATION -DALT_USE_SMALL_DRIVERS -DSMALL_C_LIB -DALT_SINGLE_THREADED    -Os -g -Wall   -EL -mno-hw-div -mno-hw-mul -mno-hw-mulx  -o obj/default/hello_world_small.o hello_world_small.c
hello_world_small.c: In function 'sendCommand':
hello_world_small.c:169: warning: implicit declaration of function 'alt_putstr'
Info: Linking ProblemaMQTT.elf
hello_world_small.c:176: warning: passing argument 1 of 'printJTAG' makes pointer from integer without a cast
nios2-elf-g++  -T'../ProblemaMQTT_bsp//linker.x' -msys-crt0='../ProblemaMQTT_bsp//obj/HAL/src/crt0.o' -msys-lib=hal_bsp -L../ProblemaMQTT_bsp/  -Wl,--defsym,exit=_exit -msmallc  -Wl,-Map=ProblemaMQTT.map   -Os -g -Wall   -EL -mno-hw-div -mno-hw-mul -mno-hw-mulx  -o ProblemaMQTT.elf obj/default/hello_world_small.o -lm 
hello_world_small.c:168: warning: unused variable 'miss'
hello_world_small.c: In function 'startConnection':
hello_world_small.c:187: warning: passing argument 1 of 'printJTAG' makes pointer from integer without a cast
nios2-elf-insert ProblemaMQTT.elf --thread_model hal --cpu_name nios2_qsys_0 --qsys true --simulation_enabled false --stderr_dev uart_main --stdin_dev uart_main --stdout_dev uart_main --sopc_system_name lcd --quartus_project_dir "/home/aluno/Problema2" --sopcinfo /home/aluno/Problema2/software/ProblemaMQTT_bsp/../../lcd.sopcinfo
hello_world_small.c:189: warning: passing argument 1 of 'printJTAG' makes pointer from integer without a cast
hello_world_small.c: In function 'connectMQTT':
hello_world_small.c:221: warning: passing argument 1 of 'printJTAG' makes pointer from integer without a cast
hello_world_small.c:236: warning: passing argument 1 of 'printJTAG' makes pointer from integer without a cast
hello_world_small.c:240: warning: passing argument 1 of 'printJTAG' makes pointer from integer without a cast
hello_world_small.c: In function 'sendData':
hello_world_small.c:271: warning: unused variable 'receive'
hello_world_small.c: In function 'closeMQTT':
hello_world_small.c:321: warning: passing argument 1 of 'printJTAG' makes pointer from integer without a cast
hello_world_small.c:330: warning: passing argument 1 of 'printJTAG' makes pointer from integer without a cast
hello_world_small.c: In function 'closeConnection':
hello_world_small.c:344: warning: passing argument 1 of 'printJTAG' makes pointer from integer without a cast
hello_world_small.c:345: warning: passing argument 1 of 'printJTAG' makes pointer from integer without a cast
hello_world_small.c: In function 'printJTAG':
hello_world_small.c:417: warning: passing argument 2 of '__builtin_stwio' makes integer from pointer without a cast
Info: (ProblemaMQTT.elf) 6928 Bytes program size (code + initialized data).
Info:                    1020 Bytes free for stack + heap.
Info: Creating ProblemaMQTT.objdump
nios2-elf-objdump --disassemble --syms --all-header --source ProblemaMQTT.elf >ProblemaMQTT.objdump
[ProblemaMQTT build complete]

**** Build Finished ****

**** Build of configuration Nios II for project ProblemaMQTT ****

make all 
Info: Building ../ProblemaMQTT_bsp/
make --no-print-directory -C ../ProblemaMQTT_bsp/
[BSP build complete]
[ProblemaMQTT build complete]

**** Build Finished ****

**** Build of configuration Nios II for project ProblemaMQTT ****

make all 
Info: Building ../ProblemaMQTT_bsp/
make --no-print-directory -C ../ProblemaMQTT_bsp/
[BSP build complete]
Info: Compiling hello_world_small.c to obj/default/hello_world_small.o
nios2-elf-gcc -xc -MP -MMD -c -I../ProblemaMQTT_bsp//HAL/inc -I../ProblemaMQTT_bsp/ -I../ProblemaMQTT_bsp//drivers/inc  -DSYSTEM_BUS_WIDTH=32 -pipe -D__hal__ -DALT_NO_C_PLUS_PLUS -DALT_NO_CLEAN_EXIT -DALT_NO_EXIT -DALT_USE_DIRECT_DRIVERS -DALT_NO_INSTRUCTION_EMULATION -DALT_USE_SMALL_DRIVERS -DSMALL_C_LIB -DALT_SINGLE_THREADED    -Os -g -Wall   -EL -mno-hw-div -mno-hw-mul -mno-hw-mulx  -o obj/default/hello_world_small.o hello_world_small.c
hello_world_small.c: In function 'sendCommand':
hello_world_small.c:169: warning: implicit declaration of function 'alt_putstr'
hello_world_small.c:176: warning: passing argument 1 of 'printJTAG' makes pointer from integer without a cast
Info: Linking ProblemaMQTT.elf
nios2-elf-g++  -T'../ProblemaMQTT_bsp//linker.x' -msys-crt0='../ProblemaMQTT_bsp//obj/HAL/src/crt0.o' -msys-lib=hal_bsp -L../ProblemaMQTT_bsp/  -Wl,--defsym,exit=_exit -msmallc  -Wl,-Map=ProblemaMQTT.map   -Os -g -Wall   -EL -mno-hw-div -mno-hw-mul -mno-hw-mulx  -o ProblemaMQTT.elf obj/default/hello_world_small.o -lm 
hello_world_small.c:168: warning: unused variable 'miss'
hello_world_small.c: In function 'startConnection':
hello_world_small.c:187: warning: passing argument 1 of 'printJTAG' makes pointer from integer without a cast
nios2-elf-insert ProblemaMQTT.elf --thread_model hal --cpu_name nios2_qsys_0 --qsys true --simulation_enabled false --stderr_dev uart_main --stdin_dev uart_main --stdout_dev uart_main --sopc_system_name lcd --quartus_project_dir "/home/aluno/Problema2" --sopcinfo /home/aluno/Problema2/software/ProblemaMQTT_bsp/../../lcd.sopcinfo
hello_world_small.c:189: warning: passing argument 1 of 'printJTAG' makes pointer from integer without a cast
Info: (ProblemaMQTT.elf) 6940 Bytes program size (code + initialized data).
hello_world_small.c: In function 'connectMQTT':
hello_world_small.c:221: warning: passing argument 1 of 'printJTAG' makes pointer from integer without a cast
Info:                    1008 Bytes free for stack + heap.
hello_world_small.c:229: warning: passing argument 1 of 'printJTAG' makes pointer from integer without a cast
Info: Creating ProblemaMQTT.objdump
hello_world_small.c:242: warning: passing argument 1 of 'printJTAG' makes pointer from integer without a cast
nios2-elf-objdump --disassemble --syms --all-header --source ProblemaMQTT.elf >ProblemaMQTT.objdump
hello_world_small.c: In function 'sendData':
[ProblemaMQTT build complete]
hello_world_small.c:273: warning: unused variable 'receive'
hello_world_small.c: In function 'closeMQTT':
hello_world_small.c:323: warning: passing argument 1 of 'printJTAG' makes pointer from integer without a cast
hello_world_small.c:332: warning: passing argument 1 of 'printJTAG' makes pointer from integer without a cast
hello_world_small.c: In function 'closeConnection':
hello_world_small.c:346: warning: passing argument 1 of 'printJTAG' makes pointer from integer without a cast
hello_world_small.c:347: warning: passing argument 1 of 'printJTAG' makes pointer from integer without a cast
hello_world_small.c: In function 'printJTAG':
hello_world_small.c:419: warning: passing argument 2 of '__builtin_stwio' makes integer from pointer without a cast

**** Build Finished ****

**** Build of configuration Nios II for project ProblemaMQTT ****

make all 
Info: Building ../ProblemaMQTT_bsp/
make --no-print-directory -C ../ProblemaMQTT_bsp/
[BSP build complete]
[ProblemaMQTT build complete]

**** Build Finished ****

**** Build of configuration Nios II for project ProblemaMQTT ****

make all 
Info: Building ../ProblemaMQTT_bsp/
make --no-print-directory -C ../ProblemaMQTT_bsp/
[BSP build complete]
Info: Compiling hello_world_small.c to obj/default/hello_world_small.o
nios2-elf-gcc -xc -MP -MMD -c -I../ProblemaMQTT_bsp//HAL/inc -I../ProblemaMQTT_bsp/ -I../ProblemaMQTT_bsp//drivers/inc  -DSYSTEM_BUS_WIDTH=32 -pipe -D__hal__ -DALT_NO_C_PLUS_PLUS -DALT_NO_CLEAN_EXIT -DALT_NO_EXIT -DALT_USE_DIRECT_DRIVERS -DALT_NO_INSTRUCTION_EMULATION -DALT_USE_SMALL_DRIVERS -DSMALL_C_LIB -DALT_SINGLE_THREADED    -Os -g -Wall   -EL -mno-hw-div -mno-hw-mul -mno-hw-mulx  -o obj/default/hello_world_small.o hello_world_small.c
hello_world_small.c: In function 'sendCommand':
hello_world_small.c:169: warning: implicit declaration of function 'alt_putstr'
Info: Linking ProblemaMQTT.elf
hello_world_small.c:176: warning: passing argument 1 of 'printJTAG' makes pointer from integer without a cast
nios2-elf-g++  -T'../ProblemaMQTT_bsp//linker.x' -msys-crt0='../ProblemaMQTT_bsp//obj/HAL/src/crt0.o' -msys-lib=hal_bsp -L../ProblemaMQTT_bsp/  -Wl,--defsym,exit=_exit -msmallc  -Wl,-Map=ProblemaMQTT.map   -Os -g -Wall   -EL -mno-hw-div -mno-hw-mul -mno-hw-mulx  -o ProblemaMQTT.elf obj/default/hello_world_small.o -lm 
hello_world_small.c:168: warning: unused variable 'miss'
hello_world_small.c: In function 'startConnection':
hello_world_small.c:187: warning: passing argument 1 of 'printJTAG' makes pointer from integer without a cast
nios2-elf-insert ProblemaMQTT.elf --thread_model hal --cpu_name nios2_qsys_0 --qsys true --simulation_enabled false --stderr_dev uart_main --stdin_dev uart_main --stdout_dev uart_main --sopc_system_name lcd --quartus_project_dir "/home/aluno/Problema2" --sopcinfo /home/aluno/Problema2/software/ProblemaMQTT_bsp/../../lcd.sopcinfo
hello_world_small.c:189: warning: passing argument 1 of 'printJTAG' makes pointer from integer without a cast
hello_world_small.c: In function 'connectMQTT':
Info: (ProblemaMQTT.elf) 6940 Bytes program size (code + initialized data).
hello_world_small.c:221: warning: passing argument 1 of 'printJTAG' makes pointer from integer without a cast
Info:                    1008 Bytes free for stack + heap.
hello_world_small.c:229: warning: passing argument 1 of 'printJTAG' makes pointer from integer without a cast
Info: Creating ProblemaMQTT.objdump
hello_world_small.c:242: warning: passing argument 1 of 'printJTAG' makes pointer from integer without a cast
nios2-elf-objdump --disassemble --syms --all-header --source ProblemaMQTT.elf >ProblemaMQTT.objdump
hello_world_small.c: In function 'sendData':
[ProblemaMQTT build complete]
hello_world_small.c:273: warning: unused variable 'receive'
hello_world_small.c: In function 'closeMQTT':
hello_world_small.c:323: warning: passing argument 1 of 'printJTAG' makes pointer from integer without a cast
hello_world_small.c:332: warning: passing argument 1 of 'printJTAG' makes pointer from integer without a cast
hello_world_small.c: In function 'closeConnection':
hello_world_small.c:346: warning: passing argument 1 of 'printJTAG' makes pointer from integer without a cast
hello_world_small.c:347: warning: passing argument 1 of 'printJTAG' makes pointer from integer without a cast
hello_world_small.c: In function 'printJTAG':
hello_world_small.c:419: warning: passing argument 2 of '__builtin_stwio' makes integer from pointer without a cast

**** Build Finished ****

**** Build of configuration Nios II for project ProblemaMQTT ****

make all 
Info: Building ../ProblemaMQTT_bsp/
make --no-print-directory -C ../ProblemaMQTT_bsp/
[BSP build complete]
[ProblemaMQTT build complete]

**** Build Finished ****

**** Build of configuration Nios II for project ProblemaMQTT ****

make all 
Info: Building ../ProblemaMQTT_bsp/
make --no-print-directory -C ../ProblemaMQTT_bsp/
[BSP build complete]
Info: Compiling hello_world_small.c to obj/default/hello_world_small.o
nios2-elf-gcc -xc -MP -MMD -c -I../ProblemaMQTT_bsp//HAL/inc -I../ProblemaMQTT_bsp/ -I../ProblemaMQTT_bsp//drivers/inc  -DSYSTEM_BUS_WIDTH=32 -pipe -D__hal__ -DALT_NO_C_PLUS_PLUS -DALT_NO_CLEAN_EXIT -DALT_NO_EXIT -DALT_USE_DIRECT_DRIVERS -DALT_NO_INSTRUCTION_EMULATION -DALT_USE_SMALL_DRIVERS -DSMALL_C_LIB -DALT_SINGLE_THREADED    -Os -g -Wall   -EL -mno-hw-div -mno-hw-mul -mno-hw-mulx  -o obj/default/hello_world_small.o hello_world_small.c
hello_world_small.c: In function 'sendCommand':
hello_world_small.c:169: warning: implicit declaration of function 'alt_putstr'
hello_world_small.c:176: warning: passing argument 1 of 'printJTAG' makes pointer from integer without a cast
Info: Linking ProblemaMQTT.elf
nios2-elf-g++  -T'../ProblemaMQTT_bsp//linker.x' -msys-crt0='../ProblemaMQTT_bsp//obj/HAL/src/crt0.o' -msys-lib=hal_bsp -L../ProblemaMQTT_bsp/  -Wl,--defsym,exit=_exit -msmallc  -Wl,-Map=ProblemaMQTT.map   -Os -g -Wall   -EL -mno-hw-div -mno-hw-mul -mno-hw-mulx  -o ProblemaMQTT.elf obj/default/hello_world_small.o -lm 
hello_world_small.c:168: warning: unused variable 'miss'
hello_world_small.c: In function 'startConnection':
hello_world_small.c:187: warning: passing argument 1 of 'printJTAG' makes pointer from integer without a cast
nios2-elf-insert ProblemaMQTT.elf --thread_model hal --cpu_name nios2_qsys_0 --qsys true --simulation_enabled false --stderr_dev uart_main --stdin_dev uart_main --stdout_dev uart_main --sopc_system_name lcd --quartus_project_dir "/home/aluno/Problema2" --sopcinfo /home/aluno/Problema2/software/ProblemaMQTT_bsp/../../lcd.sopcinfo
hello_world_small.c:189: warning: passing argument 1 of 'printJTAG' makes pointer from integer without a cast
hello_world_small.c: In function 'connectMQTT':
hello_world_small.c:221: warning: passing argument 1 of 'printJTAG' makes pointer from integer without a cast
Info: (ProblemaMQTT.elf) 6972 Bytes program size (code + initialized data).
hello_world_small.c:229: warning: passing argument 1 of 'printJTAG' makes pointer from integer without a cast
Info:                    976 Bytes free for stack + heap.
hello_world_small.c:242: warning: passing argument 1 of 'printJTAG' makes pointer from integer without a cast
Info: Creating ProblemaMQTT.objdump
hello_world_small.c: In function 'sendData':
nios2-elf-objdump --disassemble --syms --all-header --source ProblemaMQTT.elf >ProblemaMQTT.objdump
hello_world_small.c:273: warning: unused variable 'receive'
hello_world_small.c: In function 'closeMQTT':
hello_world_small.c:323: warning: passing argument 1 of 'printJTAG' makes pointer from integer without a cast
[ProblemaMQTT build complete]
hello_world_small.c:332: warning: passing argument 1 of 'printJTAG' makes pointer from integer without a cast
hello_world_small.c: In function 'closeConnection':
hello_world_small.c:346: warning: passing argument 1 of 'printJTAG' makes pointer from integer without a cast
hello_world_small.c:347: warning: passing argument 1 of 'printJTAG' makes pointer from integer without a cast
hello_world_small.c: In function 'printJTAG':
hello_world_small.c:419: warning: passing argument 2 of '__builtin_stwio' makes integer from pointer without a cast

**** Build Finished ****

**** Build of configuration Nios II for project ProblemaMQTT ****

make all 
Info: Building ../ProblemaMQTT_bsp/
make --no-print-directory -C ../ProblemaMQTT_bsp/
[BSP build complete]
[ProblemaMQTT build complete]

**** Build Finished ****

**** Build of configuration Nios II for project ProblemaMQTT ****

make all 
Info: Building ../ProblemaMQTT_bsp/
make --no-print-directory -C ../ProblemaMQTT_bsp/
[BSP build complete]
Info: Compiling hello_world_small.c to obj/default/hello_world_small.o
nios2-elf-gcc -xc -MP -MMD -c -I../ProblemaMQTT_bsp//HAL/inc -I../ProblemaMQTT_bsp/ -I../ProblemaMQTT_bsp//drivers/inc  -DSYSTEM_BUS_WIDTH=32 -pipe -D__hal__ -DALT_NO_C_PLUS_PLUS -DALT_NO_CLEAN_EXIT -DALT_NO_EXIT -DALT_USE_DIRECT_DRIVERS -DALT_NO_INSTRUCTION_EMULATION -DALT_USE_SMALL_DRIVERS -DSMALL_C_LIB -DALT_SINGLE_THREADED    -Os -g -Wall   -EL -mno-hw-div -mno-hw-mul -mno-hw-mulx  -o obj/default/hello_world_small.o hello_world_small.c
hello_world_small.c: In function 'main':
hello_world_small.c:76: warning: implicit declaration of function 'alt_putstr'
hello_world_small.c:77: warning: passing argument 1 of 'printJTAG' makes pointer from integer without a cast
Info: Linking ProblemaMQTT.elf
nios2-elf-g++  -T'../ProblemaMQTT_bsp//linker.x' -msys-crt0='../ProblemaMQTT_bsp//obj/HAL/src/crt0.o' -msys-lib=hal_bsp -L../ProblemaMQTT_bsp/  -Wl,--defsym,exit=_exit -msmallc  -Wl,-Map=ProblemaMQTT.map   -Os -g -Wall   -EL -mno-hw-div -mno-hw-mul -mno-hw-mulx  -o ProblemaMQTT.elf obj/default/hello_world_small.o -lm 
hello_world_small.c:79: warning: passing argument 1 of 'printJTAG' makes pointer from integer without a cast
nios2-elf-insert ProblemaMQTT.elf --thread_model hal --cpu_name nios2_qsys_0 --qsys true --simulation_enabled false --stderr_dev uart_main --stdin_dev uart_main --stdout_dev uart_main --sopc_system_name lcd --quartus_project_dir "/home/aluno/Problema2" --sopcinfo /home/aluno/Problema2/software/ProblemaMQTT_bsp/../../lcd.sopcinfo
hello_world_small.c: In function 'sendCommand':
hello_world_small.c:183: warning: passing argument 1 of 'printJTAG' makes pointer from integer without a cast
hello_world_small.c:175: warning: unused variable 'miss'
hello_world_small.c: In function 'connectMQTT':
hello_world_small.c:221: warning: passing argument 1 of 'printJTAG' makes pointer from integer without a cast
hello_world_small.c:239: warning: passing argument 1 of 'printJTAG' makes pointer from integer without a cast
hello_world_small.c: In function 'sendData':
hello_world_small.c:295: warning: unused variable 'receive'
hello_world_small.c: In function 'closeMQTT':
hello_world_small.c:345: warning: passing argument 1 of 'printJTAG' makes pointer from integer without a cast
hello_world_small.c:354: warning: passing argument 1 of 'printJTAG' makes pointer from integer without a cast
hello_world_small.c: In function 'closeConnection':
hello_world_small.c:368: warning: passing argument 1 of 'printJTAG' makes pointer from integer without a cast
hello_world_small.c:369: warning: passing argument 1 of 'printJTAG' makes pointer from integer without a cast
hello_world_small.c: In function 'printJTAG':
hello_world_small.c:441: warning: passing argument 2 of '__builtin_stwio' makes integer from pointer without a cast
Info: (ProblemaMQTT.elf) 7192 Bytes program size (code + initialized data).
Info:                    756 Bytes free for stack + heap.
Info: Creating ProblemaMQTT.objdump
nios2-elf-objdump --disassemble --syms --all-header --source ProblemaMQTT.elf >ProblemaMQTT.objdump
[ProblemaMQTT build complete]

**** Build Finished ****

**** Build of configuration Nios II for project ProblemaMQTT ****

make all 
Info: Building ../ProblemaMQTT_bsp/
make --no-print-directory -C ../ProblemaMQTT_bsp/
[BSP build complete]
[ProblemaMQTT build complete]

**** Build Finished ****

**** Build of configuration Nios II for project ProblemaMQTT ****

make all 
Info: Building ../ProblemaMQTT_bsp/
make --no-print-directory -C ../ProblemaMQTT_bsp/
[BSP build complete]
Info: Compiling hello_world_small.c to obj/default/hello_world_small.o
nios2-elf-gcc -xc -MP -MMD -c -I../ProblemaMQTT_bsp//HAL/inc -I../ProblemaMQTT_bsp/ -I../ProblemaMQTT_bsp//drivers/inc  -DSYSTEM_BUS_WIDTH=32 -pipe -D__hal__ -DALT_NO_C_PLUS_PLUS -DALT_NO_CLEAN_EXIT -DALT_NO_EXIT -DALT_USE_DIRECT_DRIVERS -DALT_NO_INSTRUCTION_EMULATION -DALT_USE_SMALL_DRIVERS -DSMALL_C_LIB -DALT_SINGLE_THREADED    -Os -g -Wall   -EL -mno-hw-div -mno-hw-mul -mno-hw-mulx  -o obj/default/hello_world_small.o hello_world_small.c
hello_world_small.c: In function 'main':
hello_world_small.c:76: warning: implicit declaration of function 'alt_putstr'
hello_world_small.c:77: warning: passing argument 1 of 'printJTAG' makes pointer from integer without a cast
Info: Linking ProblemaMQTT.elf
nios2-elf-g++  -T'../ProblemaMQTT_bsp//linker.x' -msys-crt0='../ProblemaMQTT_bsp//obj/HAL/src/crt0.o' -msys-lib=hal_bsp -L../ProblemaMQTT_bsp/  -Wl,--defsym,exit=_exit -msmallc  -Wl,-Map=ProblemaMQTT.map   -Os -g -Wall   -EL -mno-hw-div -mno-hw-mul -mno-hw-mulx  -o ProblemaMQTT.elf obj/default/hello_world_small.o -lm 
hello_world_small.c:79: warning: passing argument 1 of 'printJTAG' makes pointer from integer without a cast
nios2-elf-insert ProblemaMQTT.elf --thread_model hal --cpu_name nios2_qsys_0 --qsys true --simulation_enabled false --stderr_dev uart_main --stdin_dev uart_main --stdout_dev uart_main --sopc_system_name lcd --quartus_project_dir "/home/aluno/Problema2" --sopcinfo /home/aluno/Problema2/software/ProblemaMQTT_bsp/../../lcd.sopcinfo
hello_world_small.c: In function 'sendCommand':
hello_world_small.c:184: warning: passing argument 1 of 'printJTAG' makes pointer from integer without a cast
hello_world_small.c:176: warning: unused variable 'miss'
hello_world_small.c: In function 'connectMQTT':
hello_world_small.c:222: warning: passing argument 1 of 'printJTAG' makes pointer from integer without a cast
hello_world_small.c:240: warning: passing argument 1 of 'printJTAG' makes pointer from integer without a cast
hello_world_small.c: In function 'sendData':
hello_world_small.c:296: warning: unused variable 'receive'
hello_world_small.c: In function 'closeMQTT':
hello_world_small.c:346: warning: passing argument 1 of 'printJTAG' makes pointer from integer without a cast
hello_world_small.c:355: warning: passing argument 1 of 'printJTAG' makes pointer from integer without a cast
hello_world_small.c: In function 'closeConnection':
hello_world_small.c:369: warning: passing argument 1 of 'printJTAG' makes pointer from integer without a cast
hello_world_small.c:370: warning: passing argument 1 of 'printJTAG' makes pointer from integer without a cast
hello_world_small.c: In function 'printJTAG':
hello_world_small.c:442: warning: passing argument 2 of '__builtin_stwio' makes integer from pointer without a cast
Info: (ProblemaMQTT.elf) 7196 Bytes program size (code + initialized data).
Info:                    752 Bytes free for stack + heap.
Info: Creating ProblemaMQTT.objdump
nios2-elf-objdump --disassemble --syms --all-header --source ProblemaMQTT.elf >ProblemaMQTT.objdump
[ProblemaMQTT build complete]

**** Build Finished ****

**** Build of configuration Nios II for project ProblemaMQTT ****

make all 
Info: Building ../ProblemaMQTT_bsp/
make --no-print-directory -C ../ProblemaMQTT_bsp/
[BSP build complete]
[ProblemaMQTT build complete]

**** Build Finished ****

**** Build of configuration Nios II for project ProblemaMQTT ****

make all 
Info: Building ../ProblemaMQTT_bsp/
make --no-print-directory -C ../ProblemaMQTT_bsp/
[BSP build complete]
Info: Compiling hello_world_small.c to obj/default/hello_world_small.o
nios2-elf-gcc -xc -MP -MMD -c -I../ProblemaMQTT_bsp//HAL/inc -I../ProblemaMQTT_bsp/ -I../ProblemaMQTT_bsp//drivers/inc  -DSYSTEM_BUS_WIDTH=32 -pipe -D__hal__ -DALT_NO_C_PLUS_PLUS -DALT_NO_CLEAN_EXIT -DALT_NO_EXIT -DALT_USE_DIRECT_DRIVERS -DALT_NO_INSTRUCTION_EMULATION -DALT_USE_SMALL_DRIVERS -DSMALL_C_LIB -DALT_SINGLE_THREADED    -Os -g -Wall   -EL -mno-hw-div -mno-hw-mul -mno-hw-mulx  -o obj/default/hello_world_small.o hello_world_small.c
hello_world_small.c: In function 'main':
hello_world_small.c:76: warning: implicit declaration of function 'alt_putstr'
Info: Linking ProblemaMQTT.elf
nios2-elf-g++  -T'../ProblemaMQTT_bsp//linker.x' -msys-crt0='../ProblemaMQTT_bsp//obj/HAL/src/crt0.o' -msys-lib=hal_bsp -L../ProblemaMQTT_bsp/  -Wl,--defsym,exit=_exit -msmallc  -Wl,-Map=ProblemaMQTT.map   -Os -g -Wall   -EL -mno-hw-div -mno-hw-mul -mno-hw-mulx  -o ProblemaMQTT.elf obj/default/hello_world_small.o -lm 
hello_world_small.c:77: warning: passing argument 1 of 'printJTAG' makes pointer from integer without a cast
nios2-elf-insert ProblemaMQTT.elf --thread_model hal --cpu_name nios2_qsys_0 --qsys true --simulation_enabled false --stderr_dev uart_main --stdin_dev uart_main --stdout_dev uart_main --sopc_system_name lcd --quartus_project_dir "/home/aluno/Problema2" --sopcinfo /home/aluno/Problema2/software/ProblemaMQTT_bsp/../../lcd.sopcinfo
hello_world_small.c:79: warning: passing argument 1 of 'printJTAG' makes pointer from integer without a cast
hello_world_small.c: In function 'sendCommand':
hello_world_small.c:184: warning: passing argument 1 of 'printJTAG' makes pointer from integer without a cast
hello_world_small.c:176: warning: unused variable 'miss'
hello_world_small.c: In function 'connectMQTT':
hello_world_small.c:222: warning: passing argument 1 of 'printJTAG' makes pointer from integer without a cast
hello_world_small.c:240: warning: passing argument 1 of 'printJTAG' makes pointer from integer without a cast
hello_world_small.c: In function 'closeMQTT':
hello_world_small.c:306: warning: passing argument 1 of 'printJTAG' makes pointer from integer without a cast
hello_world_small.c:315: warning: passing argument 1 of 'printJTAG' makes pointer from integer without a cast
hello_world_small.c: In function 'closeConnection':
hello_world_small.c:329: warning: passing argument 1 of 'printJTAG' makes pointer from integer without a cast
hello_world_small.c:330: warning: passing argument 1 of 'printJTAG' makes pointer from integer without a cast
hello_world_small.c: In function 'printJTAG':
hello_world_small.c:402: warning: passing argument 2 of '__builtin_stwio' makes integer from pointer without a cast
Info: (ProblemaMQTT.elf) 7180 Bytes program size (code + initialized data).
Info:                    768 Bytes free for stack + heap.
Info: Creating ProblemaMQTT.objdump
nios2-elf-objdump --disassemble --syms --all-header --source ProblemaMQTT.elf >ProblemaMQTT.objdump
[ProblemaMQTT build complete]

**** Build Finished ****

**** Build of configuration Nios II for project ProblemaMQTT ****

make all 
Info: Building ../ProblemaMQTT_bsp/
make --no-print-directory -C ../ProblemaMQTT_bsp/
[BSP build complete]
[ProblemaMQTT build complete]

**** Build Finished ****

**** Build of configuration Nios II for project ProblemaMQTT ****

make all 
Info: Building ../ProblemaMQTT_bsp/
make --no-print-directory -C ../ProblemaMQTT_bsp/
[BSP build complete]
Info: Compiling hello_world_small.c to obj/default/hello_world_small.o
nios2-elf-gcc -xc -MP -MMD -c -I../ProblemaMQTT_bsp//HAL/inc -I../ProblemaMQTT_bsp/ -I../ProblemaMQTT_bsp//drivers/inc  -DSYSTEM_BUS_WIDTH=32 -pipe -D__hal__ -DALT_NO_C_PLUS_PLUS -DALT_NO_CLEAN_EXIT -DALT_NO_EXIT -DALT_USE_DIRECT_DRIVERS -DALT_NO_INSTRUCTION_EMULATION -DALT_USE_SMALL_DRIVERS -DSMALL_C_LIB -DALT_SINGLE_THREADED    -Os -g -Wall   -EL -mno-hw-div -mno-hw-mul -mno-hw-mulx  -o obj/default/hello_world_small.o hello_world_small.c
hello_world_small.c: In function 'main':
hello_world_small.c:76: warning: implicit declaration of function 'alt_putstr'
hello_world_small.c:77: warning: passing argument 1 of 'printJTAG' makes pointer from integer without a cast
Info: Linking ProblemaMQTT.elf
nios2-elf-g++  -T'../ProblemaMQTT_bsp//linker.x' -msys-crt0='../ProblemaMQTT_bsp//obj/HAL/src/crt0.o' -msys-lib=hal_bsp -L../ProblemaMQTT_bsp/  -Wl,--defsym,exit=_exit -msmallc  -Wl,-Map=ProblemaMQTT.map   -Os -g -Wall   -EL -mno-hw-div -mno-hw-mul -mno-hw-mulx  -o ProblemaMQTT.elf obj/default/hello_world_small.o -lm 
hello_world_small.c:79: warning: passing argument 1 of 'printJTAG' makes pointer from integer without a cast
nios2-elf-insert ProblemaMQTT.elf --thread_model hal --cpu_name nios2_qsys_0 --qsys true --simulation_enabled false --stderr_dev uart_main --stdin_dev uart_main --stdout_dev uart_main --sopc_system_name lcd --quartus_project_dir "/home/aluno/Problema2" --sopcinfo /home/aluno/Problema2/software/ProblemaMQTT_bsp/../../lcd.sopcinfo
hello_world_small.c: In function 'sendCommand':
hello_world_small.c:184: warning: passing argument 1 of 'printJTAG' makes pointer from integer without a cast
hello_world_small.c:176: warning: unused variable 'miss'
hello_world_small.c: In function 'connectMQTT':
hello_world_small.c:222: warning: passing argument 1 of 'printJTAG' makes pointer from integer without a cast
hello_world_small.c:240: warning: passing argument 1 of 'printJTAG' makes pointer from integer without a cast
hello_world_small.c: In function 'closeMQTT':
hello_world_small.c:308: warning: passing argument 1 of 'printJTAG' makes pointer from integer without a cast
hello_world_small.c:317: warning: passing argument 1 of 'printJTAG' makes pointer from integer without a cast
hello_world_small.c: In function 'closeConnection':
hello_world_small.c:331: warning: passing argument 1 of 'printJTAG' makes pointer from integer without a cast
hello_world_small.c:332: warning: passing argument 1 of 'printJTAG' makes pointer from integer without a cast
hello_world_small.c: In function 'printJTAG':
hello_world_small.c:404: warning: passing argument 2 of '__builtin_stwio' makes integer from pointer without a cast
Info: (ProblemaMQTT.elf) 7184 Bytes program size (code + initialized data).
Info:                    764 Bytes free for stack + heap.
Info: Creating ProblemaMQTT.objdump
nios2-elf-objdump --disassemble --syms --all-header --source ProblemaMQTT.elf >ProblemaMQTT.objdump
[ProblemaMQTT build complete]

**** Build Finished ****

**** Build of configuration Nios II for project ProblemaMQTT ****

make all 
Info: Building ../ProblemaMQTT_bsp/
make --no-print-directory -C ../ProblemaMQTT_bsp/
[BSP build complete]
[ProblemaMQTT build complete]

**** Build Finished ****

**** Build of configuration Nios II for project ProblemaMQTT ****

make all 
Info: Building ../ProblemaMQTT_bsp/
make --no-print-directory -C ../ProblemaMQTT_bsp/
[BSP build complete]
Info: Compiling hello_world_small.c to obj/default/hello_world_small.o
nios2-elf-gcc -xc -MP -MMD -c -I../ProblemaMQTT_bsp//HAL/inc -I../ProblemaMQTT_bsp/ -I../ProblemaMQTT_bsp//drivers/inc  -DSYSTEM_BUS_WIDTH=32 -pipe -D__hal__ -DALT_NO_C_PLUS_PLUS -DALT_NO_CLEAN_EXIT -DALT_NO_EXIT -DALT_USE_DIRECT_DRIVERS -DALT_NO_INSTRUCTION_EMULATION -DALT_USE_SMALL_DRIVERS -DSMALL_C_LIB -DALT_SINGLE_THREADED    -Os -g -Wall   -EL -mno-hw-div -mno-hw-mul -mno-hw-mulx  -o obj/default/hello_world_small.o hello_world_small.c
hello_world_small.c: In function 'main':
hello_world_small.c:76: warning: implicit declaration of function 'alt_putstr'
hello_world_small.c:77: warning: passing argument 1 of 'printJTAG' makes pointer from integer without a cast
Info: Linking ProblemaMQTT.elf
nios2-elf-g++  -T'../ProblemaMQTT_bsp//linker.x' -msys-crt0='../ProblemaMQTT_bsp//obj/HAL/src/crt0.o' -msys-lib=hal_bsp -L../ProblemaMQTT_bsp/  -Wl,--defsym,exit=_exit -msmallc  -Wl,-Map=ProblemaMQTT.map   -Os -g -Wall   -EL -mno-hw-div -mno-hw-mul -mno-hw-mulx  -o ProblemaMQTT.elf obj/default/hello_world_small.o -lm 
hello_world_small.c:79: warning: passing argument 1 of 'printJTAG' makes pointer from integer without a cast
nios2-elf-insert ProblemaMQTT.elf --thread_model hal --cpu_name nios2_qsys_0 --qsys true --simulation_enabled false --stderr_dev uart_main --stdin_dev uart_main --stdout_dev uart_main --sopc_system_name lcd --quartus_project_dir "/home/aluno/Problema2" --sopcinfo /home/aluno/Problema2/software/ProblemaMQTT_bsp/../../lcd.sopcinfo
hello_world_small.c: In function 'sendCommand':
hello_world_small.c:184: warning: passing argument 1 of 'printJTAG' makes pointer from integer without a cast
hello_world_small.c:176: warning: unused variable 'miss'
hello_world_small.c: In function 'connectMQTT':
hello_world_small.c:226: warning: passing argument 1 of 'printJTAG' makes pointer from integer without a cast
hello_world_small.c:244: warning: passing argument 1 of 'printJTAG' makes pointer from integer without a cast
hello_world_small.c: In function 'closeMQTT':
hello_world_small.c:309: warning: passing argument 1 of 'printJTAG' makes pointer from integer without a cast
hello_world_small.c:318: warning: passing argument 1 of 'printJTAG' makes pointer from integer without a cast
hello_world_small.c: In function 'closeConnection':
hello_world_small.c:332: warning: passing argument 1 of 'printJTAG' makes pointer from integer without a cast
hello_world_small.c:333: warning: passing argument 1 of 'printJTAG' makes pointer from integer without a cast
hello_world_small.c: In function 'printJTAG':
hello_world_small.c:405: warning: passing argument 2 of '__builtin_stwio' makes integer from pointer without a cast
Info: (ProblemaMQTT.elf) 7216 Bytes program size (code + initialized data).
Info:                    732 Bytes free for stack + heap.
Info: Creating ProblemaMQTT.objdump
nios2-elf-objdump --disassemble --syms --all-header --source ProblemaMQTT.elf >ProblemaMQTT.objdump
[ProblemaMQTT build complete]

**** Build Finished ****

**** Build of configuration Nios II for project ProblemaMQTT ****

make all 
Info: Building ../ProblemaMQTT_bsp/
make --no-print-directory -C ../ProblemaMQTT_bsp/
[BSP build complete]
[ProblemaMQTT build complete]

**** Build Finished ****

**** Build of configuration Nios II for project ProblemaMQTT ****

make all 
Info: Building ../ProblemaMQTT_bsp/
make --no-print-directory -C ../ProblemaMQTT_bsp/
[BSP build complete]
[ProblemaMQTT build complete]

**** Build Finished ****

**** Build of configuration Nios II for project ProblemaMQTT ****

make all 
Info: Building ../ProblemaMQTT_bsp/
make --no-print-directory -C ../ProblemaMQTT_bsp/
[BSP build complete]
[ProblemaMQTT build complete]

**** Build Finished ****

**** Build of configuration Nios II for project ProblemaMQTT ****

make all 
Info: Building ../ProblemaMQTT_bsp/
make --no-print-directory -C ../ProblemaMQTT_bsp/
[BSP build complete]
[ProblemaMQTT build complete]

**** Build Finished ****

**** Build of configuration Nios II for project ProblemaMQTT ****

make all 
Info: Building ../ProblemaMQTT_bsp/
make --no-print-directory -C ../ProblemaMQTT_bsp/
[BSP build complete]
[ProblemaMQTT build complete]

**** Build Finished ****

**** Build of configuration Nios II for project ProblemaMQTT ****

make all 
Info: Building ../ProblemaMQTT_bsp/
make --no-print-directory -C ../ProblemaMQTT_bsp/
[BSP build complete]
[ProblemaMQTT build complete]

**** Build Finished ****

**** Build of configuration Nios II for project ProblemaMQTT ****

make all 
Info: Building ../ProblemaMQTT_bsp/
make --no-print-directory -C ../ProblemaMQTT_bsp/
[BSP build complete]
[ProblemaMQTT build complete]

**** Build Finished ****
